mode: atomic
github.com/ThotaGopichandThota/gn-storage/disabled/persister.go:10.32,12.2 1 1
github.com/ThotaGopichandThota/gn-storage/disabled/persister.go:15.44,17.2 1 1
github.com/ThotaGopichandThota/gn-storage/disabled/persister.go:20.51,22.2 1 1
github.com/ThotaGopichandThota/gn-storage/disabled/persister.go:25.41,27.2 1 1
github.com/ThotaGopichandThota/gn-storage/disabled/persister.go:30.35,32.2 1 1
github.com/ThotaGopichandThota/gn-storage/disabled/persister.go:35.44,37.2 1 1
github.com/ThotaGopichandThota/gn-storage/disabled/persister.go:40.37,42.2 1 1
github.com/ThotaGopichandThota/gn-storage/disabled/persister.go:45.43,47.2 1 1
github.com/ThotaGopichandThota/gn-storage/disabled/persister.go:50.69,50.70 0 1
github.com/ThotaGopichandThota/gn-storage/disabled/persister.go:53.43,55.2 1 1
github.com/ThotaGopichandThota/gn-storage/memorydb/lruMemoryDB.go:18.44,20.16 2 11
github.com/ThotaGopichandThota/gn-storage/memorydb/lruMemoryDB.go:20.16,22.3 1 1
github.com/ThotaGopichandThota/gn-storage/memorydb/lruMemoryDB.go:24.2,24.36 1 10
github.com/ThotaGopichandThota/gn-storage/memorydb/lruMemoryDB.go:28.44,31.2 2 11
github.com/ThotaGopichandThota/gn-storage/memorydb/lruMemoryDB.go:34.49,36.9 2 2
github.com/ThotaGopichandThota/gn-storage/memorydb/lruMemoryDB.go:36.9,38.3 1 1
github.com/ThotaGopichandThota/gn-storage/memorydb/lruMemoryDB.go:40.2,41.9 2 1
github.com/ThotaGopichandThota/gn-storage/memorydb/lruMemoryDB.go:41.9,43.3 1 0
github.com/ThotaGopichandThota/gn-storage/memorydb/lruMemoryDB.go:44.2,44.20 1 1
github.com/ThotaGopichandThota/gn-storage/memorydb/lruMemoryDB.go:48.39,50.9 2 3
github.com/ThotaGopichandThota/gn-storage/memorydb/lruMemoryDB.go:50.9,52.3 1 1
github.com/ThotaGopichandThota/gn-storage/memorydb/lruMemoryDB.go:53.2,53.30 1 2
github.com/ThotaGopichandThota/gn-storage/memorydb/lruMemoryDB.go:57.31,60.2 2 1
github.com/ThotaGopichandThota/gn-storage/memorydb/lruMemoryDB.go:63.42,66.2 2 2
github.com/ThotaGopichandThota/gn-storage/memorydb/lruMemoryDB.go:69.33,72.2 2 1
github.com/ThotaGopichandThota/gn-storage/memorydb/lruMemoryDB.go:75.39,77.2 1 0
github.com/ThotaGopichandThota/gn-storage/memorydb/lruMemoryDB.go:80.72,81.20 1 1
github.com/ThotaGopichandThota/gn-storage/memorydb/lruMemoryDB.go:81.20,83.3 1 0
github.com/ThotaGopichandThota/gn-storage/memorydb/lruMemoryDB.go:85.2,86.25 2 1
github.com/ThotaGopichandThota/gn-storage/memorydb/lruMemoryDB.go:86.25,88.10 2 7
github.com/ThotaGopichandThota/gn-storage/memorydb/lruMemoryDB.go:88.10,89.12 1 0
github.com/ThotaGopichandThota/gn-storage/memorydb/lruMemoryDB.go:92.3,93.10 2 7
github.com/ThotaGopichandThota/gn-storage/memorydb/lruMemoryDB.go:93.10,94.12 1 0
github.com/ThotaGopichandThota/gn-storage/memorydb/lruMemoryDB.go:97.3,98.22 2 7
github.com/ThotaGopichandThota/gn-storage/memorydb/lruMemoryDB.go:98.22,100.4 1 0
github.com/ThotaGopichandThota/gn-storage/memorydb/lruMemoryDB.go:105.39,107.2 1 0
github.com/ThotaGopichandThota/gn-storage/memorydb/memorydb.go:22.16,27.2 1 10
github.com/ThotaGopichandThota/gn-storage/memorydb/memorydb.go:30.41,37.2 4 11
github.com/ThotaGopichandThota/gn-storage/memorydb/memorydb.go:40.46,46.9 4 2
github.com/ThotaGopichandThota/gn-storage/memorydb/memorydb.go:46.9,48.3 1 1
github.com/ThotaGopichandThota/gn-storage/memorydb/memorydb.go:50.2,50.17 1 1
github.com/ThotaGopichandThota/gn-storage/memorydb/memorydb.go:54.36,60.9 4 3
github.com/ThotaGopichandThota/gn-storage/memorydb/memorydb.go:60.9,62.3 1 2
github.com/ThotaGopichandThota/gn-storage/memorydb/memorydb.go:63.2,63.12 1 1
github.com/ThotaGopichandThota/gn-storage/memorydb/memorydb.go:67.28,70.2 1 1
github.com/ThotaGopichandThota/gn-storage/memorydb/memorydb.go:73.39,80.2 4 2
github.com/ThotaGopichandThota/gn-storage/memorydb/memorydb.go:83.30,90.2 4 1
github.com/ThotaGopichandThota/gn-storage/memorydb/memorydb.go:93.69,94.20 1 1
github.com/ThotaGopichandThota/gn-storage/memorydb/memorydb.go:94.20,96.3 1 0
github.com/ThotaGopichandThota/gn-storage/memorydb/memorydb.go:98.2,101.25 3 1
github.com/ThotaGopichandThota/gn-storage/memorydb/memorydb.go:101.25,103.22 2 7
github.com/ThotaGopichandThota/gn-storage/memorydb/memorydb.go:103.22,105.4 1 0
github.com/ThotaGopichandThota/gn-storage/memorydb/memorydb.go:110.36,112.2 1 0
github.com/ThotaGopichandThota/gn-storage/memorydb/memorydb.go:115.36,117.2 1 0
github.com/ThotaGopichandThota/gn-storage/storageCacherAdapter/storageCacherAdapter.go:33.34,34.25 1 26
github.com/ThotaGopichandThota/gn-storage/storageCacherAdapter/storageCacherAdapter.go:34.25,36.3 1 1
github.com/ThotaGopichandThota/gn-storage/storageCacherAdapter/storageCacherAdapter.go:37.2,37.21 1 25
github.com/ThotaGopichandThota/gn-storage/storageCacherAdapter/storageCacherAdapter.go:37.21,39.3 1 1
github.com/ThotaGopichandThota/gn-storage/storageCacherAdapter/storageCacherAdapter.go:40.2,40.30 1 24
github.com/ThotaGopichandThota/gn-storage/storageCacherAdapter/storageCacherAdapter.go:40.30,42.3 1 1
github.com/ThotaGopichandThota/gn-storage/storageCacherAdapter/storageCacherAdapter.go:43.2,43.36 1 23
github.com/ThotaGopichandThota/gn-storage/storageCacherAdapter/storageCacherAdapter.go:43.36,45.3 1 1
github.com/ThotaGopichandThota/gn-storage/storageCacherAdapter/storageCacherAdapter.go:47.2,54.8 1 22
github.com/ThotaGopichandThota/gn-storage/storageCacherAdapter/storageCacherAdapter.go:58.40,63.2 3 1
github.com/ThotaGopichandThota/gn-storage/storageCacherAdapter/storageCacherAdapter.go:66.89,72.18 4 3
github.com/ThotaGopichandThota/gn-storage/storageCacherAdapter/storageCacherAdapter.go:72.18,74.3 1 1
github.com/ThotaGopichandThota/gn-storage/storageCacherAdapter/storageCacherAdapter.go:76.2,76.52 1 2
github.com/ThotaGopichandThota/gn-storage/storageCacherAdapter/storageCacherAdapter.go:76.52,78.10 2 3
github.com/ThotaGopichandThota/gn-storage/storageCacherAdapter/storageCacherAdapter.go:78.10,80.12 2 1
github.com/ThotaGopichandThota/gn-storage/storageCacherAdapter/storageCacherAdapter.go:83.3,84.32 2 2
github.com/ThotaGopichandThota/gn-storage/storageCacherAdapter/storageCacherAdapter.go:84.32,85.12 1 0
github.com/ThotaGopichandThota/gn-storage/storageCacherAdapter/storageCacherAdapter.go:88.3,89.17 2 2
github.com/ThotaGopichandThota/gn-storage/storageCacherAdapter/storageCacherAdapter.go:89.17,91.12 2 0
github.com/ThotaGopichandThota/gn-storage/storageCacherAdapter/storageCacherAdapter.go:94.3,94.25 1 2
github.com/ThotaGopichandThota/gn-storage/storageCacherAdapter/storageCacherAdapter.go:97.2,97.32 1 2
github.com/ThotaGopichandThota/gn-storage/storageCacherAdapter/storageCacherAdapter.go:100.73,102.8 2 2
github.com/ThotaGopichandThota/gn-storage/storageCacherAdapter/storageCacherAdapter.go:102.8,104.3 1 0
github.com/ThotaGopichandThota/gn-storage/storageCacherAdapter/storageCacherAdapter.go:106.2,107.16 2 2
github.com/ThotaGopichandThota/gn-storage/storageCacherAdapter/storageCacherAdapter.go:107.16,110.3 2 0
github.com/ThotaGopichandThota/gn-storage/storageCacherAdapter/storageCacherAdapter.go:112.2,112.24 1 2
github.com/ThotaGopichandThota/gn-storage/storageCacherAdapter/storageCacherAdapter.go:116.68,121.8 4 3
github.com/ThotaGopichandThota/gn-storage/storageCacherAdapter/storageCacherAdapter.go:121.8,123.3 1 1
github.com/ThotaGopichandThota/gn-storage/storageCacherAdapter/storageCacherAdapter.go:125.2,125.18 1 2
github.com/ThotaGopichandThota/gn-storage/storageCacherAdapter/storageCacherAdapter.go:125.18,127.3 1 1
github.com/ThotaGopichandThota/gn-storage/storageCacherAdapter/storageCacherAdapter.go:129.2,130.16 2 1
github.com/ThotaGopichandThota/gn-storage/storageCacherAdapter/storageCacherAdapter.go:130.16,132.3 1 0
github.com/ThotaGopichandThota/gn-storage/storageCacherAdapter/storageCacherAdapter.go:134.2,135.16 2 1
github.com/ThotaGopichandThota/gn-storage/storageCacherAdapter/storageCacherAdapter.go:135.16,138.3 2 0
github.com/ThotaGopichandThota/gn-storage/storageCacherAdapter/storageCacherAdapter.go:140.2,140.25 1 1
github.com/ThotaGopichandThota/gn-storage/storageCacherAdapter/storageCacherAdapter.go:143.84,146.8 3 1
github.com/ThotaGopichandThota/gn-storage/storageCacherAdapter/storageCacherAdapter.go:146.8,149.3 2 0
github.com/ThotaGopichandThota/gn-storage/storageCacherAdapter/storageCacherAdapter.go:151.2,152.16 2 1
github.com/ThotaGopichandThota/gn-storage/storageCacherAdapter/storageCacherAdapter.go:152.16,154.3 1 0
github.com/ThotaGopichandThota/gn-storage/storageCacherAdapter/storageCacherAdapter.go:156.2,156.24 1 1
github.com/ThotaGopichandThota/gn-storage/storageCacherAdapter/storageCacherAdapter.go:160.53,165.15 4 4
github.com/ThotaGopichandThota/gn-storage/storageCacherAdapter/storageCacherAdapter.go:165.15,167.3 1 1
github.com/ThotaGopichandThota/gn-storage/storageCacherAdapter/storageCacherAdapter.go:169.2,169.18 1 3
github.com/ThotaGopichandThota/gn-storage/storageCacherAdapter/storageCacherAdapter.go:169.18,171.3 1 1
github.com/ThotaGopichandThota/gn-storage/storageCacherAdapter/storageCacherAdapter.go:173.2,174.19 2 2
github.com/ThotaGopichandThota/gn-storage/storageCacherAdapter/storageCacherAdapter.go:178.69,183.2 3 1
github.com/ThotaGopichandThota/gn-storage/storageCacherAdapter/storageCacherAdapter.go:186.102,188.8 2 0
github.com/ThotaGopichandThota/gn-storage/storageCacherAdapter/storageCacherAdapter.go:188.8,190.3 1 0
github.com/ThotaGopichandThota/gn-storage/storageCacherAdapter/storageCacherAdapter.go:192.2,194.21 2 0
github.com/ThotaGopichandThota/gn-storage/storageCacherAdapter/storageCacherAdapter.go:198.51,203.29 4 3
github.com/ThotaGopichandThota/gn-storage/storageCacherAdapter/storageCacherAdapter.go:203.29,205.3 1 2
github.com/ThotaGopichandThota/gn-storage/storageCacherAdapter/storageCacherAdapter.go:207.2,208.16 2 1
github.com/ThotaGopichandThota/gn-storage/storageCacherAdapter/storageCacherAdapter.go:208.16,210.3 1 1
github.com/ThotaGopichandThota/gn-storage/storageCacherAdapter/storageCacherAdapter.go:214.48,220.28 5 2
github.com/ThotaGopichandThota/gn-storage/storageCacherAdapter/storageCacherAdapter.go:220.28,222.10 2 2
github.com/ThotaGopichandThota/gn-storage/storageCacherAdapter/storageCacherAdapter.go:222.10,223.12 1 0
github.com/ThotaGopichandThota/gn-storage/storageCacherAdapter/storageCacherAdapter.go:226.3,226.47 1 2
github.com/ThotaGopichandThota/gn-storage/storageCacherAdapter/storageCacherAdapter.go:229.2,229.18 1 2
github.com/ThotaGopichandThota/gn-storage/storageCacherAdapter/storageCacherAdapter.go:229.18,231.3 1 1
github.com/ThotaGopichandThota/gn-storage/storageCacherAdapter/storageCacherAdapter.go:233.2,233.45 1 1
github.com/ThotaGopichandThota/gn-storage/storageCacherAdapter/storageCacherAdapter.go:233.45,236.3 2 1
github.com/ThotaGopichandThota/gn-storage/storageCacherAdapter/storageCacherAdapter.go:238.2,239.19 2 1
github.com/ThotaGopichandThota/gn-storage/storageCacherAdapter/storageCacherAdapter.go:243.42,249.2 4 1
github.com/ThotaGopichandThota/gn-storage/storageCacherAdapter/storageCacherAdapter.go:252.62,257.2 3 1
github.com/ThotaGopichandThota/gn-storage/storageCacherAdapter/storageCacherAdapter.go:260.46,262.2 1 1
github.com/ThotaGopichandThota/gn-storage/storageCacherAdapter/storageCacherAdapter.go:265.92,266.2 0 1
github.com/ThotaGopichandThota/gn-storage/storageCacherAdapter/storageCacherAdapter.go:269.61,270.2 0 1
github.com/ThotaGopichandThota/gn-storage/storageCacherAdapter/storageCacherAdapter.go:273.46,280.2 5 6
github.com/ThotaGopichandThota/gn-storage/storageCacherAdapter/storageCacherAdapter.go:283.54,285.2 1 1
github.com/ThotaGopichandThota/gn-storage/lrucache/capacity/capacityLRUCache.go:33.73,34.14 1 24
github.com/ThotaGopichandThota/gn-storage/lrucache/capacity/capacityLRUCache.go:34.14,36.3 1 1
github.com/ThotaGopichandThota/gn-storage/lrucache/capacity/capacityLRUCache.go:37.2,37.22 1 23
github.com/ThotaGopichandThota/gn-storage/lrucache/capacity/capacityLRUCache.go:37.22,39.3 1 1
github.com/ThotaGopichandThota/gn-storage/lrucache/capacity/capacityLRUCache.go:40.2,46.15 2 22
github.com/ThotaGopichandThota/gn-storage/lrucache/capacity/capacityLRUCache.go:50.31,57.2 5 1
github.com/ThotaGopichandThota/gn-storage/lrucache/capacity/capacityLRUCache.go:60.80,67.2 4 28
github.com/ThotaGopichandThota/gn-storage/lrucache/capacity/capacityLRUCache.go:69.87,70.21 1 46
github.com/ThotaGopichandThota/gn-storage/lrucache/capacity/capacityLRUCache.go:70.21,78.3 2 2
github.com/ThotaGopichandThota/gn-storage/lrucache/capacity/capacityLRUCache.go:81.2,81.33 1 44
github.com/ThotaGopichandThota/gn-storage/lrucache/capacity/capacityLRUCache.go:81.33,83.3 1 1
github.com/ThotaGopichandThota/gn-storage/lrucache/capacity/capacityLRUCache.go:83.8,85.3 1 43
github.com/ThotaGopichandThota/gn-storage/lrucache/capacity/capacityLRUCache.go:89.119,96.22 5 18
github.com/ThotaGopichandThota/gn-storage/lrucache/capacity/capacityLRUCache.go:96.22,98.21 2 8
github.com/ThotaGopichandThota/gn-storage/lrucache/capacity/capacityLRUCache.go:98.21,99.12 1 0
github.com/ThotaGopichandThota/gn-storage/lrucache/capacity/capacityLRUCache.go:102.3,104.10 3 8
github.com/ThotaGopichandThota/gn-storage/lrucache/capacity/capacityLRUCache.go:104.10,105.12 1 0
github.com/ThotaGopichandThota/gn-storage/lrucache/capacity/capacityLRUCache.go:108.3,108.55 1 8
github.com/ThotaGopichandThota/gn-storage/lrucache/capacity/capacityLRUCache.go:111.2,111.22 1 18
github.com/ThotaGopichandThota/gn-storage/lrucache/capacity/capacityLRUCache.go:114.85,123.2 4 44
github.com/ThotaGopichandThota/gn-storage/lrucache/capacity/capacityLRUCache.go:125.104,135.2 7 1
github.com/ThotaGopichandThota/gn-storage/lrucache/capacity/capacityLRUCache.go:138.64,142.33 3 6
github.com/ThotaGopichandThota/gn-storage/lrucache/capacity/capacityLRUCache.go:142.33,144.32 2 5
github.com/ThotaGopichandThota/gn-storage/lrucache/capacity/capacityLRUCache.go:144.32,146.4 1 0
github.com/ThotaGopichandThota/gn-storage/lrucache/capacity/capacityLRUCache.go:148.3,148.40 1 5
github.com/ThotaGopichandThota/gn-storage/lrucache/capacity/capacityLRUCache.go:151.2,151.19 1 1
github.com/ThotaGopichandThota/gn-storage/lrucache/capacity/capacityLRUCache.go:156.54,163.2 4 37
github.com/ThotaGopichandThota/gn-storage/lrucache/capacity/capacityLRUCache.go:168.97,169.21 1 3
github.com/ThotaGopichandThota/gn-storage/lrucache/capacity/capacityLRUCache.go:169.21,177.3 2 1
github.com/ThotaGopichandThota/gn-storage/lrucache/capacity/capacityLRUCache.go:179.2,183.8 4 2
github.com/ThotaGopichandThota/gn-storage/lrucache/capacity/capacityLRUCache.go:183.8,185.3 1 1
github.com/ThotaGopichandThota/gn-storage/lrucache/capacity/capacityLRUCache.go:186.2,189.23 3 1
github.com/ThotaGopichandThota/gn-storage/lrucache/capacity/capacityLRUCache.go:194.65,199.8 4 2
github.com/ThotaGopichandThota/gn-storage/lrucache/capacity/capacityLRUCache.go:199.8,201.3 1 1
github.com/ThotaGopichandThota/gn-storage/lrucache/capacity/capacityLRUCache.go:202.2,202.16 1 1
github.com/ThotaGopichandThota/gn-storage/lrucache/capacity/capacityLRUCache.go:207.52,211.33 3 2
github.com/ThotaGopichandThota/gn-storage/lrucache/capacity/capacityLRUCache.go:211.33,214.3 2 1
github.com/ThotaGopichandThota/gn-storage/lrucache/capacity/capacityLRUCache.go:215.2,215.14 1 1
github.com/ThotaGopichandThota/gn-storage/lrucache/capacity/capacityLRUCache.go:219.44,225.62 5 2
github.com/ThotaGopichandThota/gn-storage/lrucache/capacity/capacityLRUCache.go:225.62,228.3 2 2
github.com/ThotaGopichandThota/gn-storage/lrucache/capacity/capacityLRUCache.go:229.2,229.13 1 2
github.com/ThotaGopichandThota/gn-storage/lrucache/capacity/capacityLRUCache.go:233.33,238.2 3 41
github.com/ThotaGopichandThota/gn-storage/lrucache/capacity/capacityLRUCache.go:241.53,246.2 3 0
github.com/ThotaGopichandThota/gn-storage/lrucache/capacity/capacityLRUCache.go:249.38,251.16 2 9
github.com/ThotaGopichandThota/gn-storage/lrucache/capacity/capacityLRUCache.go:251.16,253.3 1 9
github.com/ThotaGopichandThota/gn-storage/lrucache/capacity/capacityLRUCache.go:257.54,262.2 4 18
github.com/ThotaGopichandThota/gn-storage/lrucache/capacity/capacityLRUCache.go:264.70,266.77 2 1
github.com/ThotaGopichandThota/gn-storage/lrucache/capacity/capacityLRUCache.go:266.77,268.3 1 0
github.com/ThotaGopichandThota/gn-storage/lrucache/capacity/capacityLRUCache.go:270.2,275.19 6 1
github.com/ThotaGopichandThota/gn-storage/lrucache/capacity/capacityLRUCache.go:278.42,279.28 1 65
github.com/ThotaGopichandThota/gn-storage/lrucache/capacity/capacityLRUCache.go:279.28,282.3 1 22
github.com/ThotaGopichandThota/gn-storage/lrucache/capacity/capacityLRUCache.go:284.2,284.86 1 43
github.com/ThotaGopichandThota/gn-storage/lrucache/capacity/capacityLRUCache.go:287.44,289.22 2 30
github.com/ThotaGopichandThota/gn-storage/lrucache/capacity/capacityLRUCache.go:289.22,292.3 2 9
github.com/ThotaGopichandThota/gn-storage/lrucache/capacity/capacityLRUCache.go:294.2,294.16 1 30
github.com/ThotaGopichandThota/gn-storage/lrucache/capacity/capacityLRUCache.go:298.45,300.2 1 2
github.com/ThotaGopichandThota/gn-storage/sharded/shardIDProvider.go:22.70,23.34 1 8
github.com/ThotaGopichandThota/gn-storage/sharded/shardIDProvider.go:23.34,25.3 1 2
github.com/ThotaGopichandThota/gn-storage/sharded/shardIDProvider.go:27.2,33.16 4 6
github.com/ThotaGopichandThota/gn-storage/sharded/shardIDProvider.go:37.57,39.31 2 23
github.com/ThotaGopichandThota/gn-storage/sharded/shardIDProvider.go:39.31,41.3 1 9
github.com/ThotaGopichandThota/gn-storage/sharded/shardIDProvider.go:43.2,45.39 3 23
github.com/ThotaGopichandThota/gn-storage/sharded/shardIDProvider.go:45.39,47.3 1 23
github.com/ThotaGopichandThota/gn-storage/sharded/shardIDProvider.go:49.2,50.35 2 23
github.com/ThotaGopichandThota/gn-storage/sharded/shardIDProvider.go:50.35,52.3 1 3
github.com/ThotaGopichandThota/gn-storage/sharded/shardIDProvider.go:54.2,54.19 1 23
github.com/ThotaGopichandThota/gn-storage/sharded/shardIDProvider.go:58.52,60.2 1 19
github.com/ThotaGopichandThota/gn-storage/sharded/shardIDProvider.go:63.51,66.51 2 3
github.com/ThotaGopichandThota/gn-storage/sharded/shardIDProvider.go:66.51,68.3 1 12
github.com/ThotaGopichandThota/gn-storage/sharded/shardIDProvider.go:70.2,70.17 1 3
github.com/ThotaGopichandThota/gn-storage/sharded/shardIDProvider.go:77.45,81.2 3 6
github.com/ThotaGopichandThota/gn-storage/sharded/shardIDProvider.go:84.51,86.12 2 6
github.com/ThotaGopichandThota/gn-storage/sharded/shardIDProvider.go:86.12,89.3 2 0
github.com/ThotaGopichandThota/gn-storage/sharded/shardIDProvider.go:90.2,90.75 1 6
github.com/ThotaGopichandThota/gn-storage/sharded/shardIDProvider.go:94.50,96.2 1 2
github.com/ThotaGopichandThota/gn-storage/sharded/shardedDB.go:28.141,29.20 1 6
github.com/ThotaGopichandThota/gn-storage/sharded/shardedDB.go:29.20,31.3 1 1
github.com/ThotaGopichandThota/gn-storage/sharded/shardedDB.go:32.2,32.35 1 5
github.com/ThotaGopichandThota/gn-storage/sharded/shardedDB.go:32.35,34.3 1 1
github.com/ThotaGopichandThota/gn-storage/sharded/shardedDB.go:35.2,35.29 1 4
github.com/ThotaGopichandThota/gn-storage/sharded/shardedDB.go:35.29,37.3 1 1
github.com/ThotaGopichandThota/gn-storage/sharded/shardedDB.go:39.2,40.51 2 3
github.com/ThotaGopichandThota/gn-storage/sharded/shardedDB.go:40.51,43.17 3 8
github.com/ThotaGopichandThota/gn-storage/sharded/shardedDB.go:43.17,45.4 1 0
github.com/ThotaGopichandThota/gn-storage/sharded/shardedDB.go:46.3,46.27 1 8
github.com/ThotaGopichandThota/gn-storage/sharded/shardedDB.go:49.2,52.8 1 3
github.com/ThotaGopichandThota/gn-storage/sharded/shardedDB.go:55.64,57.2 1 8
github.com/ThotaGopichandThota/gn-storage/sharded/shardedDB.go:59.57,61.2 1 9
github.com/ThotaGopichandThota/gn-storage/sharded/shardedDB.go:64.62,66.2 1 3
github.com/ThotaGopichandThota/gn-storage/sharded/shardedDB.go:69.60,71.2 1 3
github.com/ThotaGopichandThota/gn-storage/sharded/shardedDB.go:74.50,76.2 1 2
github.com/ThotaGopichandThota/gn-storage/sharded/shardedDB.go:79.42,80.41 1 2
github.com/ThotaGopichandThota/gn-storage/sharded/shardedDB.go:80.41,82.17 2 8
github.com/ThotaGopichandThota/gn-storage/sharded/shardedDB.go:82.17,84.4 1 0
github.com/ThotaGopichandThota/gn-storage/sharded/shardedDB.go:87.2,87.12 1 2
github.com/ThotaGopichandThota/gn-storage/sharded/shardedDB.go:91.53,93.2 1 1
github.com/ThotaGopichandThota/gn-storage/sharded/shardedDB.go:96.44,97.41 1 0
github.com/ThotaGopichandThota/gn-storage/sharded/shardedDB.go:97.41,99.17 2 0
github.com/ThotaGopichandThota/gn-storage/sharded/shardedDB.go:99.17,101.4 1 0
github.com/ThotaGopichandThota/gn-storage/sharded/shardedDB.go:104.2,104.12 1 0
github.com/ThotaGopichandThota/gn-storage/sharded/shardedDB.go:108.50,109.41 1 1
github.com/ThotaGopichandThota/gn-storage/sharded/shardedDB.go:109.41,111.17 2 4
github.com/ThotaGopichandThota/gn-storage/sharded/shardedDB.go:111.17,113.4 1 0
github.com/ThotaGopichandThota/gn-storage/sharded/shardedDB.go:116.2,116.12 1 1
github.com/ThotaGopichandThota/gn-storage/sharded/shardedDB.go:120.81,121.41 1 1
github.com/ThotaGopichandThota/gn-storage/sharded/shardedDB.go:121.41,123.3 1 4
github.com/ThotaGopichandThota/gn-storage/sharded/shardedDB.go:127.50,129.2 1 0
github.com/ThotaGopichandThota/gn-storage/immunitycache/cache.go:31.67,36.16 4 19
github.com/ThotaGopichandThota/gn-storage/immunitycache/cache.go:36.16,38.3 1 5
github.com/ThotaGopichandThota/gn-storage/immunitycache/cache.go:40.2,45.20 3 14
github.com/ThotaGopichandThota/gn-storage/immunitycache/cache.go:48.53,56.48 6 10015
github.com/ThotaGopichandThota/gn-storage/immunitycache/cache.go:56.48,58.3 1 160045
github.com/ThotaGopichandThota/gn-storage/immunitycache/cache.go:62.88,64.32 2 5
github.com/ThotaGopichandThota/gn-storage/immunitycache/cache.go:64.32,68.3 3 1
github.com/ThotaGopichandThota/gn-storage/immunitycache/cache.go:70.2,74.44 3 4
github.com/ThotaGopichandThota/gn-storage/immunitycache/cache.go:74.44,80.3 4 4
github.com/ThotaGopichandThota/gn-storage/immunitycache/cache.go:82.2,82.8 1 4
github.com/ThotaGopichandThota/gn-storage/immunitycache/cache.go:85.76,87.84 2 4201
github.com/ThotaGopichandThota/gn-storage/immunitycache/cache.go:87.84,89.3 1 43
github.com/ThotaGopichandThota/gn-storage/immunitycache/cache.go:91.2,92.17 2 4201
github.com/ThotaGopichandThota/gn-storage/immunitycache/cache.go:95.66,97.2 1 5
github.com/ThotaGopichandThota/gn-storage/immunitycache/cache.go:99.78,102.27 2 4
github.com/ThotaGopichandThota/gn-storage/immunitycache/cache.go:102.27,105.3 2 16
github.com/ThotaGopichandThota/gn-storage/immunitycache/cache.go:107.2,107.15 1 4
github.com/ThotaGopichandThota/gn-storage/immunitycache/cache.go:110.64,112.2 1 30087
github.com/ThotaGopichandThota/gn-storage/immunitycache/cache.go:115.35,118.32 3 30095
github.com/ThotaGopichandThota/gn-storage/immunitycache/cache.go:118.32,121.3 2 118985
github.com/ThotaGopichandThota/gn-storage/immunitycache/cache.go:122.2,122.13 1 30095
github.com/ThotaGopichandThota/gn-storage/immunitycache/cache.go:125.79,129.2 3 4
github.com/ThotaGopichandThota/gn-storage/immunitycache/cache.go:131.75,137.2 4 30071
github.com/ThotaGopichandThota/gn-storage/immunitycache/cache.go:140.71,142.8 2 9
github.com/ThotaGopichandThota/gn-storage/immunitycache/cache.go:142.8,144.3 1 6
github.com/ThotaGopichandThota/gn-storage/immunitycache/cache.go:146.2,146.19 1 3
github.com/ThotaGopichandThota/gn-storage/immunitycache/cache.go:150.65,153.2 2 9
github.com/ThotaGopichandThota/gn-storage/immunitycache/cache.go:156.47,160.2 3 5
github.com/ThotaGopichandThota/gn-storage/immunitycache/cache.go:163.72,165.2 1 3
github.com/ThotaGopichandThota/gn-storage/immunitycache/cache.go:168.101,172.10 4 30052
github.com/ThotaGopichandThota/gn-storage/immunitycache/cache.go:172.10,173.12 1 30051
github.com/ThotaGopichandThota/gn-storage/immunitycache/cache.go:173.12,175.4 1 20046
github.com/ThotaGopichandThota/gn-storage/immunitycache/cache.go:175.9,177.4 1 10005
github.com/ThotaGopichandThota/gn-storage/immunitycache/cache.go:180.2,180.19 1 30052
github.com/ThotaGopichandThota/gn-storage/immunitycache/cache.go:184.93,187.2 2 1
github.com/ThotaGopichandThota/gn-storage/immunitycache/cache.go:190.45,192.2 1 4
github.com/ThotaGopichandThota/gn-storage/immunitycache/cache.go:196.60,199.2 2 5
github.com/ThotaGopichandThota/gn-storage/immunitycache/cache.go:202.41,204.2 1 0
github.com/ThotaGopichandThota/gn-storage/immunitycache/cache.go:207.34,211.2 1 10001
github.com/ThotaGopichandThota/gn-storage/immunitycache/cache.go:214.40,216.2 1 1
github.com/ThotaGopichandThota/gn-storage/immunitycache/cache.go:219.36,221.2 1 6
github.com/ThotaGopichandThota/gn-storage/immunitycache/cache.go:224.56,226.2 1 0
github.com/ThotaGopichandThota/gn-storage/immunitycache/cache.go:229.38,231.47 2 13
github.com/ThotaGopichandThota/gn-storage/immunitycache/cache.go:231.47,233.3 1 13
github.com/ThotaGopichandThota/gn-storage/immunitycache/cache.go:234.2,234.14 1 13
github.com/ThotaGopichandThota/gn-storage/immunitycache/cache.go:237.63,241.2 3 10038
github.com/ThotaGopichandThota/gn-storage/immunitycache/cache.go:244.44,246.47 2 13
github.com/ThotaGopichandThota/gn-storage/immunitycache/cache.go:246.47,248.3 1 13
github.com/ThotaGopichandThota/gn-storage/immunitycache/cache.go:249.2,249.14 1 13
github.com/ThotaGopichandThota/gn-storage/immunitycache/cache.go:253.41,255.47 2 7
github.com/ThotaGopichandThota/gn-storage/immunitycache/cache.go:255.47,257.3 1 7
github.com/ThotaGopichandThota/gn-storage/immunitycache/cache.go:258.2,258.17 1 7
github.com/ThotaGopichandThota/gn-storage/immunitycache/cache.go:262.42,266.47 3 4
github.com/ThotaGopichandThota/gn-storage/immunitycache/cache.go:266.47,268.3 1 4
github.com/ThotaGopichandThota/gn-storage/immunitycache/cache.go:270.2,270.13 1 4
github.com/ThotaGopichandThota/gn-storage/immunitycache/cache.go:274.87,276.2 1 0
github.com/ThotaGopichandThota/gn-storage/immunitycache/cache.go:279.54,281.2 1 0
github.com/ThotaGopichandThota/gn-storage/immunitycache/cache.go:284.66,285.47 1 1
github.com/ThotaGopichandThota/gn-storage/immunitycache/cache.go:285.47,287.3 1 1
github.com/ThotaGopichandThota/gn-storage/immunitycache/cache.go:291.43,298.21 6 3
github.com/ThotaGopichandThota/gn-storage/immunitycache/cache.go:298.21,309.3 3 1
github.com/ThotaGopichandThota/gn-storage/immunitycache/cache.go:311.2,311.42 1 2
github.com/ThotaGopichandThota/gn-storage/immunitycache/cache.go:311.42,313.3 1 1
github.com/ThotaGopichandThota/gn-storage/immunitycache/cache.go:315.2,321.3 1 2
github.com/ThotaGopichandThota/gn-storage/immunitycache/cache.go:325.40,327.2 1 1
github.com/ThotaGopichandThota/gn-storage/immunitycache/cache.go:330.48,332.2 1 0
github.com/ThotaGopichandThota/gn-storage/immunitycache/cacheItem.go:14.73,20.2 1 30074
github.com/ThotaGopichandThota/gn-storage/immunitycache/cacheItem.go:22.50,24.2 1 60050
github.com/ThotaGopichandThota/gn-storage/immunitycache/cacheItem.go:26.50,28.2 1 17
github.com/ThotaGopichandThota/gn-storage/immunitycache/chunk.go:28.66,37.2 2 160049
github.com/ThotaGopichandThota/gn-storage/immunitycache/chunk.go:40.81,44.27 3 7
github.com/ThotaGopichandThota/gn-storage/immunitycache/chunk.go:44.27,47.9 2 21
github.com/ThotaGopichandThota/gn-storage/immunitycache/chunk.go:47.9,51.4 2 15
github.com/ThotaGopichandThota/gn-storage/immunitycache/chunk.go:51.9,54.4 1 6
github.com/ThotaGopichandThota/gn-storage/immunitycache/chunk.go:57.3,57.46 1 21
github.com/ThotaGopichandThota/gn-storage/immunitycache/chunk.go:60.2,60.8 1 7
github.com/ThotaGopichandThota/gn-storage/immunitycache/chunk.go:63.74,65.9 2 35
github.com/ThotaGopichandThota/gn-storage/immunitycache/chunk.go:65.9,67.3 1 12
github.com/ThotaGopichandThota/gn-storage/immunitycache/chunk.go:69.2,69.27 1 23
github.com/ThotaGopichandThota/gn-storage/immunitycache/chunk.go:73.72,78.16 4 30074
github.com/ThotaGopichandThota/gn-storage/immunitycache/chunk.go:78.16,81.3 1 10006
github.com/ThotaGopichandThota/gn-storage/immunitycache/chunk.go:84.2,84.34 1 20068
github.com/ThotaGopichandThota/gn-storage/immunitycache/chunk.go:84.34,86.3 1 2
github.com/ThotaGopichandThota/gn-storage/immunitycache/chunk.go:88.2,91.20 4 20066
github.com/ThotaGopichandThota/gn-storage/immunitycache/chunk.go:94.72,95.39 1 30074
github.com/ThotaGopichandThota/gn-storage/immunitycache/chunk.go:95.39,97.3 1 64
github.com/ThotaGopichandThota/gn-storage/immunitycache/chunk.go:99.2,101.12 3 30010
github.com/ThotaGopichandThota/gn-storage/immunitycache/chunk.go:104.61,108.2 3 50079
github.com/ThotaGopichandThota/gn-storage/immunitycache/chunk.go:110.76,117.27 4 30010
github.com/ThotaGopichandThota/gn-storage/immunitycache/chunk.go:117.27,119.3 1 10006
github.com/ThotaGopichandThota/gn-storage/immunitycache/chunk.go:121.2,121.82 1 20004
github.com/ThotaGopichandThota/gn-storage/immunitycache/chunk.go:121.82,124.3 2 1
github.com/ThotaGopichandThota/gn-storage/immunitycache/chunk.go:126.2,126.24 1 20004
github.com/ThotaGopichandThota/gn-storage/immunitycache/chunk.go:129.69,133.49 3 30013
github.com/ThotaGopichandThota/gn-storage/immunitycache/chunk.go:133.49,136.32 2 60050
github.com/ThotaGopichandThota/gn-storage/immunitycache/chunk.go:136.32,138.12 2 40041
github.com/ThotaGopichandThota/gn-storage/immunitycache/chunk.go:141.3,145.15 4 20009
github.com/ThotaGopichandThota/gn-storage/immunitycache/chunk.go:148.2,148.19 1 30013
github.com/ThotaGopichandThota/gn-storage/immunitycache/chunk.go:151.65,156.2 4 20013
github.com/ThotaGopichandThota/gn-storage/immunitycache/chunk.go:158.78,159.16 1 30010
github.com/ThotaGopichandThota/gn-storage/immunitycache/chunk.go:159.16,161.3 1 10006
github.com/ThotaGopichandThota/gn-storage/immunitycache/chunk.go:164.68,167.2 2 20068
github.com/ThotaGopichandThota/gn-storage/immunitycache/chunk.go:171.60,174.2 2 20066
github.com/ThotaGopichandThota/gn-storage/immunitycache/chunk.go:176.70,177.57 1 20066
github.com/ThotaGopichandThota/gn-storage/immunitycache/chunk.go:177.57,180.3 1 2
github.com/ThotaGopichandThota/gn-storage/immunitycache/chunk.go:183.71,185.2 1 20066
github.com/ThotaGopichandThota/gn-storage/immunitycache/chunk.go:188.68,192.2 3 14
github.com/ThotaGopichandThota/gn-storage/immunitycache/chunk.go:197.57,204.9 5 5
github.com/ThotaGopichandThota/gn-storage/immunitycache/chunk.go:204.9,206.3 1 1
github.com/ThotaGopichandThota/gn-storage/immunitycache/chunk.go:208.2,209.13 2 4
github.com/ThotaGopichandThota/gn-storage/immunitycache/chunk.go:212.74,215.2 2 20013
github.com/ThotaGopichandThota/gn-storage/immunitycache/chunk.go:218.63,222.2 3 2
github.com/ThotaGopichandThota/gn-storage/immunitycache/chunk.go:225.41,229.2 3 160022
github.com/ThotaGopichandThota/gn-storage/immunitycache/chunk.go:232.47,236.2 3 13
github.com/ThotaGopichandThota/gn-storage/immunitycache/chunk.go:239.44,243.2 3 7
github.com/ThotaGopichandThota/gn-storage/immunitycache/chunk.go:246.52,251.85 4 5
github.com/ThotaGopichandThota/gn-storage/immunitycache/chunk.go:251.85,254.3 2 14
github.com/ThotaGopichandThota/gn-storage/immunitycache/chunk.go:256.2,256.13 1 5
github.com/ThotaGopichandThota/gn-storage/immunitycache/chunk.go:260.75,264.31 3 4
github.com/ThotaGopichandThota/gn-storage/immunitycache/chunk.go:264.31,266.3 1 28
github.com/ThotaGopichandThota/gn-storage/immunitycache/chunk.go:268.2,268.24 1 4
github.com/ThotaGopichandThota/gn-storage/immunitycache/chunk.go:272.69,276.44 3 1
github.com/ThotaGopichandThota/gn-storage/immunitycache/chunk.go:276.44,278.3 1 4
github.com/ThotaGopichandThota/gn-storage/immunitycache/chunk.go:282.51,284.2 1 0
github.com/ThotaGopichandThota/gn-storage/immunitycache/config.go:28.43,29.27 1 19
github.com/ThotaGopichandThota/gn-storage/immunitycache/config.go:29.27,31.3 1 1
github.com/ThotaGopichandThota/gn-storage/immunitycache/config.go:32.2,32.86 1 18
github.com/ThotaGopichandThota/gn-storage/immunitycache/config.go:32.86,34.3 1 1
github.com/ThotaGopichandThota/gn-storage/immunitycache/config.go:35.2,35.48 1 17
github.com/ThotaGopichandThota/gn-storage/immunitycache/config.go:35.48,37.3 1 1
github.com/ThotaGopichandThota/gn-storage/immunitycache/config.go:38.2,38.94 1 16
github.com/ThotaGopichandThota/gn-storage/immunitycache/config.go:38.94,40.3 1 1
github.com/ThotaGopichandThota/gn-storage/immunitycache/config.go:41.2,41.80 1 15
github.com/ThotaGopichandThota/gn-storage/immunitycache/config.go:41.80,43.3 1 1
github.com/ThotaGopichandThota/gn-storage/immunitycache/config.go:45.2,45.12 1 14
github.com/ThotaGopichandThota/gn-storage/immunitycache/config.go:48.65,57.2 2 10015
github.com/ThotaGopichandThota/gn-storage/immunitycache/config.go:60.44,62.16 2 19
github.com/ThotaGopichandThota/gn-storage/immunitycache/config.go:62.16,64.3 1 0
github.com/ThotaGopichandThota/gn-storage/immunitycache/config.go:66.2,66.22 1 19
github.com/ThotaGopichandThota/gn-storage/immunitycache/config.go:77.52,84.2 1 160049
github.com/ThotaGopichandThota/gn-storage/txcache/maps/bucketSortedMap.go:24.79,25.18 1 1015
github.com/ThotaGopichandThota/gn-storage/txcache/maps/bucketSortedMap.go:25.18,27.3 1 1
github.com/ThotaGopichandThota/gn-storage/txcache/maps/bucketSortedMap.go:28.2,28.23 1 1015
github.com/ThotaGopichandThota/gn-storage/txcache/maps/bucketSortedMap.go:28.23,30.3 1 1
github.com/ThotaGopichandThota/gn-storage/txcache/maps/bucketSortedMap.go:32.2,40.19 3 1015
github.com/ThotaGopichandThota/gn-storage/txcache/maps/bucketSortedMap.go:43.54,51.49 5 12016
github.com/ThotaGopichandThota/gn-storage/txcache/maps/bucketSortedMap.go:51.49,55.3 1 60070
github.com/ThotaGopichandThota/gn-storage/txcache/maps/bucketSortedMap.go:57.2,57.54 1 12016
github.com/ThotaGopichandThota/gn-storage/txcache/maps/bucketSortedMap.go:57.54,61.3 1 61213
github.com/ThotaGopichandThota/gn-storage/txcache/maps/bucketSortedMap.go:66.65,69.2 2 53030
github.com/ThotaGopichandThota/gn-storage/txcache/maps/bucketSortedMap.go:72.96,73.35 1 55026
github.com/ThotaGopichandThota/gn-storage/txcache/maps/bucketSortedMap.go:73.35,75.3 1 10005
github.com/ThotaGopichandThota/gn-storage/txcache/maps/bucketSortedMap.go:77.2,78.43 2 55026
github.com/ThotaGopichandThota/gn-storage/txcache/maps/bucketSortedMap.go:78.43,82.3 3 54798
github.com/ThotaGopichandThota/gn-storage/txcache/maps/bucketSortedMap.go:85.53,87.30 2 63308
github.com/ThotaGopichandThota/gn-storage/txcache/maps/bucketSortedMap.go:87.30,89.3 1 2774
github.com/ThotaGopichandThota/gn-storage/txcache/maps/bucketSortedMap.go:93.79,99.2 5 56026
github.com/ThotaGopichandThota/gn-storage/txcache/maps/bucketSortedMap.go:102.56,108.2 5 1005
github.com/ThotaGopichandThota/gn-storage/txcache/maps/bucketSortedMap.go:111.74,114.17 3 11002
github.com/ThotaGopichandThota/gn-storage/txcache/maps/bucketSortedMap.go:114.17,116.3 1 8510
github.com/ThotaGopichandThota/gn-storage/txcache/maps/bucketSortedMap.go:118.2,118.26 1 11002
github.com/ThotaGopichandThota/gn-storage/txcache/maps/bucketSortedMap.go:122.66,126.2 3 121063
github.com/ThotaGopichandThota/gn-storage/txcache/maps/bucketSortedMap.go:129.35,132.32 3 121063
github.com/ThotaGopichandThota/gn-storage/txcache/maps/bucketSortedMap.go:132.32,135.3 2 671823
github.com/ThotaGopichandThota/gn-storage/txcache/maps/bucketSortedMap.go:136.2,136.13 1 121063
github.com/ThotaGopichandThota/gn-storage/txcache/maps/bucketSortedMap.go:140.43,144.2 1 11001
github.com/ThotaGopichandThota/gn-storage/txcache/maps/bucketSortedMap.go:147.50,149.46 2 4003
github.com/ThotaGopichandThota/gn-storage/txcache/maps/bucketSortedMap.go:149.46,151.3 1 40012
github.com/ThotaGopichandThota/gn-storage/txcache/maps/bucketSortedMap.go:152.2,152.14 1 4003
github.com/ThotaGopichandThota/gn-storage/txcache/maps/bucketSortedMap.go:156.56,158.51 2 4005
github.com/ThotaGopichandThota/gn-storage/txcache/maps/bucketSortedMap.go:158.51,160.3 1 40404
github.com/ThotaGopichandThota/gn-storage/txcache/maps/bucketSortedMap.go:161.2,161.14 1 4005
github.com/ThotaGopichandThota/gn-storage/txcache/maps/bucketSortedMap.go:165.59,167.46 2 1001
github.com/ThotaGopichandThota/gn-storage/txcache/maps/bucketSortedMap.go:167.46,169.3 1 4004
github.com/ThotaGopichandThota/gn-storage/txcache/maps/bucketSortedMap.go:170.2,170.15 1 1001
github.com/ThotaGopichandThota/gn-storage/txcache/maps/bucketSortedMap.go:174.64,176.51 2 1003
github.com/ThotaGopichandThota/gn-storage/txcache/maps/bucketSortedMap.go:176.51,178.3 1 4204
github.com/ThotaGopichandThota/gn-storage/txcache/maps/bucketSortedMap.go:179.2,179.15 1 1003
github.com/ThotaGopichandThota/gn-storage/txcache/maps/bucketSortedMap.go:186.80,188.2 1 1002
github.com/ThotaGopichandThota/gn-storage/txcache/maps/bucketSortedMap.go:191.81,193.2 1 2
github.com/ThotaGopichandThota/gn-storage/txcache/maps/bucketSortedMap.go:196.151,200.36 3 1004
github.com/ThotaGopichandThota/gn-storage/txcache/maps/bucketSortedMap.go:200.36,203.3 2 4400
github.com/ThotaGopichandThota/gn-storage/txcache/maps/bucketSortedMap.go:205.2,208.36 3 1004
github.com/ThotaGopichandThota/gn-storage/txcache/maps/bucketSortedMap.go:208.36,210.3 1 4400
github.com/ThotaGopichandThota/gn-storage/txcache/maps/bucketSortedMap.go:212.2,212.17 1 1004
github.com/ThotaGopichandThota/gn-storage/txcache/maps/bucketSortedMap.go:216.114,218.36 2 1002
github.com/ThotaGopichandThota/gn-storage/txcache/maps/bucketSortedMap.go:218.36,219.36 1 4200
github.com/ThotaGopichandThota/gn-storage/txcache/maps/bucketSortedMap.go:219.36,222.4 2 3
github.com/ThotaGopichandThota/gn-storage/txcache/maps/bucketSortedMap.go:227.115,229.72 2 2
github.com/ThotaGopichandThota/gn-storage/txcache/maps/bucketSortedMap.go:229.72,231.36 2 200
github.com/ThotaGopichandThota/gn-storage/txcache/maps/bucketSortedMap.go:231.36,234.4 2 3
github.com/ThotaGopichandThota/gn-storage/txcache/maps/bucketSortedMap.go:239.83,240.51 1 1001
github.com/ThotaGopichandThota/gn-storage/txcache/maps/bucketSortedMap.go:240.51,242.3 1 4100
github.com/ThotaGopichandThota/gn-storage/txcache/maps/bucketSortedMap.go:246.84,248.40 2 1001
github.com/ThotaGopichandThota/gn-storage/txcache/maps/bucketSortedMap.go:248.40,251.3 2 4100
github.com/ThotaGopichandThota/gn-storage/txcache/maps/bucketSortedMap.go:255.51,260.46 3 1001
github.com/ThotaGopichandThota/gn-storage/txcache/maps/bucketSortedMap.go:260.46,262.3 1 4004
github.com/ThotaGopichandThota/gn-storage/txcache/maps/bucketSortedMap.go:264.2,264.13 1 1001
github.com/ThotaGopichandThota/gn-storage/txcache/maps/bucketSortedMap.go:268.57,273.51 3 1002
github.com/ThotaGopichandThota/gn-storage/txcache/maps/bucketSortedMap.go:273.51,275.3 1 4104
github.com/ThotaGopichandThota/gn-storage/txcache/maps/bucketSortedMap.go:277.2,277.13 1 1002
github.com/ThotaGopichandThota/gn-storage/txcache/maps/bucketSortedMap.go:280.59,284.2 3 6005
github.com/ThotaGopichandThota/gn-storage/txcache/maps/bucketSortedMap.go:286.64,290.2 3 64042
github.com/ThotaGopichandThota/gn-storage/txcache/maps/bucketSortedMap.go:292.61,298.2 4 2774
github.com/ThotaGopichandThota/gn-storage/txcache/maps/bucketSortedMap.go:300.72,307.2 5 11002
github.com/ThotaGopichandThota/gn-storage/txcache/maps/bucketSortedMap.go:309.58,315.2 4 107828
github.com/ThotaGopichandThota/gn-storage/txcache/maps/bucketSortedMap.go:317.44,322.2 3 88624
github.com/ThotaGopichandThota/gn-storage/txcache/maps/bucketSortedMap.go:324.62,328.38 3 8200
github.com/ThotaGopichandThota/gn-storage/txcache/maps/bucketSortedMap.go:328.38,330.3 1 6
github.com/ThotaGopichandThota/gn-storage/txcache/maps/bucketSortedMap.go:333.70,337.31 3 8108
github.com/ThotaGopichandThota/gn-storage/txcache/maps/bucketSortedMap.go:337.31,339.3 1 12
github.com/ThotaGopichandThota/gn-storage/txcache/maps/bucketSortedMap.go:341.2,341.24 1 8108
github.com/ThotaGopichandThota/gn-storage/txcache/maps/concurrentMap.go:26.54,28.18 1 11
github.com/ThotaGopichandThota/gn-storage/txcache/maps/concurrentMap.go:28.18,30.3 1 1
github.com/ThotaGopichandThota/gn-storage/txcache/maps/concurrentMap.go:32.2,38.11 3 11
github.com/ThotaGopichandThota/gn-storage/txcache/maps/concurrentMap.go:41.44,48.41 4 11012
github.com/ThotaGopichandThota/gn-storage/txcache/maps/concurrentMap.go:48.41,52.3 1 44045
github.com/ThotaGopichandThota/gn-storage/txcache/maps/concurrentMap.go:56.60,61.2 4 10012
github.com/ThotaGopichandThota/gn-storage/txcache/maps/concurrentMap.go:64.73,68.9 4 10006
github.com/ThotaGopichandThota/gn-storage/txcache/maps/concurrentMap.go:68.9,70.3 1 3330
github.com/ThotaGopichandThota/gn-storage/txcache/maps/concurrentMap.go:71.2,72.12 2 10006
github.com/ThotaGopichandThota/gn-storage/txcache/maps/concurrentMap.go:76.61,82.2 5 1002
github.com/ThotaGopichandThota/gn-storage/txcache/maps/concurrentMap.go:85.46,91.2 5 1005
github.com/ThotaGopichandThota/gn-storage/txcache/maps/concurrentMap.go:94.64,102.2 6 10002
github.com/ThotaGopichandThota/gn-storage/txcache/maps/concurrentMap.go:104.66,108.2 3 32027
github.com/ThotaGopichandThota/gn-storage/txcache/maps/concurrentMap.go:111.31,114.32 3 32027
github.com/ThotaGopichandThota/gn-storage/txcache/maps/concurrentMap.go:114.32,117.3 2 192027
github.com/ThotaGopichandThota/gn-storage/txcache/maps/concurrentMap.go:118.2,118.13 1 32027
github.com/ThotaGopichandThota/gn-storage/txcache/maps/concurrentMap.go:122.33,126.2 1 11001
github.com/ThotaGopichandThota/gn-storage/txcache/maps/concurrentMap.go:129.37,133.31 3 2003
github.com/ThotaGopichandThota/gn-storage/txcache/maps/concurrentMap.go:133.31,137.3 3 8012
github.com/ThotaGopichandThota/gn-storage/txcache/maps/concurrentMap.go:138.2,138.14 1 2003
github.com/ThotaGopichandThota/gn-storage/txcache/maps/concurrentMap.go:142.41,149.31 4 1001
github.com/ThotaGopichandThota/gn-storage/txcache/maps/concurrentMap.go:149.31,151.32 2 4004
github.com/ThotaGopichandThota/gn-storage/txcache/maps/concurrentMap.go:151.32,153.4 1 4
github.com/ThotaGopichandThota/gn-storage/txcache/maps/concurrentMap.go:154.3,154.24 1 4004
github.com/ThotaGopichandThota/gn-storage/txcache/maps/concurrentMap.go:157.2,157.13 1 1001
github.com/ThotaGopichandThota/gn-storage/txcache/maps/concurrentMap.go:164.43,167.31 2 1001
github.com/ThotaGopichandThota/gn-storage/txcache/maps/concurrentMap.go:167.31,169.39 2 4004
github.com/ThotaGopichandThota/gn-storage/txcache/maps/concurrentMap.go:169.39,171.4 1 3
github.com/ThotaGopichandThota/gn-storage/txcache/maps/concurrentMap.go:172.3,172.24 1 4004
github.com/ThotaGopichandThota/gn-storage/txcache/maps/concurrentMap.go:176.59,180.2 3 4005
github.com/ThotaGopichandThota/gn-storage/fifocache/fifocacheSharded.go:25.71,35.2 3 22
github.com/ThotaGopichandThota/gn-storage/fifocache/fifocacheSharded.go:38.36,40.27 2 626
github.com/ThotaGopichandThota/gn-storage/fifocache/fifocacheSharded.go:40.27,42.3 1 435
github.com/ThotaGopichandThota/gn-storage/fifocache/fifocacheSharded.go:47.85,52.2 3 680
github.com/ThotaGopichandThota/gn-storage/fifocache/fifocacheSharded.go:55.100,56.20 1 629
github.com/ThotaGopichandThota/gn-storage/fifocache/fifocacheSharded.go:56.20,59.3 2 1
github.com/ThotaGopichandThota/gn-storage/fifocache/fifocacheSharded.go:61.2,63.33 3 628
github.com/ThotaGopichandThota/gn-storage/fifocache/fifocacheSharded.go:67.57,71.2 3 625
github.com/ThotaGopichandThota/gn-storage/fifocache/fifocacheSharded.go:74.73,76.2 1 628
github.com/ThotaGopichandThota/gn-storage/fifocache/fifocacheSharded.go:80.49,82.2 1 631
github.com/ThotaGopichandThota/gn-storage/fifocache/fifocacheSharded.go:86.74,88.2 1 631
github.com/ThotaGopichandThota/gn-storage/fifocache/fifocacheSharded.go:93.93,96.11 2 630
github.com/ThotaGopichandThota/gn-storage/fifocache/fifocacheSharded.go:96.11,98.3 1 314
github.com/ThotaGopichandThota/gn-storage/fifocache/fifocacheSharded.go:100.2,100.22 1 630
github.com/ThotaGopichandThota/gn-storage/fifocache/fifocacheSharded.go:103.81,105.44 2 994
github.com/ThotaGopichandThota/gn-storage/fifocache/fifocacheSharded.go:105.44,107.3 1 49
github.com/ThotaGopichandThota/gn-storage/fifocache/fifocacheSharded.go:108.2,108.34 1 994
github.com/ThotaGopichandThota/gn-storage/fifocache/fifocacheSharded.go:112.47,114.2 1 627
github.com/ThotaGopichandThota/gn-storage/fifocache/fifocacheSharded.go:117.44,121.32 3 626
github.com/ThotaGopichandThota/gn-storage/fifocache/fifocacheSharded.go:121.32,123.3 1 428
github.com/ThotaGopichandThota/gn-storage/fifocache/fifocacheSharded.go:125.2,125.10 1 626
github.com/ThotaGopichandThota/gn-storage/fifocache/fifocacheSharded.go:129.38,131.2 1 632
github.com/ThotaGopichandThota/gn-storage/fifocache/fifocacheSharded.go:134.58,136.2 1 625
github.com/ThotaGopichandThota/gn-storage/fifocache/fifocacheSharded.go:139.42,141.2 1 625
github.com/ThotaGopichandThota/gn-storage/fifocache/fifocacheSharded.go:144.42,146.2 1 626
github.com/ThotaGopichandThota/gn-storage/fifocache/fifocacheSharded.go:149.50,151.2 1 625
github.com/ThotaGopichandThota/gn-storage/lrucache/lrucache.go:26.44,28.16 2 23
github.com/ThotaGopichandThota/gn-storage/lrucache/lrucache.go:28.16,30.3 1 1
github.com/ThotaGopichandThota/gn-storage/lrucache/lrucache.go:32.2,34.15 2 22
github.com/ThotaGopichandThota/gn-storage/lrucache/lrucache.go:38.108,40.16 2 1
github.com/ThotaGopichandThota/gn-storage/lrucache/lrucache.go:40.16,42.3 1 0
github.com/ThotaGopichandThota/gn-storage/lrucache/lrucache.go:44.2,46.15 2 1
github.com/ThotaGopichandThota/gn-storage/lrucache/lrucache.go:49.59,59.2 2 23
github.com/ThotaGopichandThota/gn-storage/lrucache/lrucache.go:62.78,64.16 2 3
github.com/ThotaGopichandThota/gn-storage/lrucache/lrucache.go:64.16,66.3 1 2
github.com/ThotaGopichandThota/gn-storage/lrucache/lrucache.go:68.2,75.15 2 1
github.com/ThotaGopichandThota/gn-storage/lrucache/lrucache.go:79.28,81.2 1 1
github.com/ThotaGopichandThota/gn-storage/lrucache/lrucache.go:84.87,90.2 3 58
github.com/ThotaGopichandThota/gn-storage/lrucache/lrucache.go:93.92,94.20 1 4
github.com/ThotaGopichandThota/gn-storage/lrucache/lrucache.go:94.20,97.3 2 1
github.com/ThotaGopichandThota/gn-storage/lrucache/lrucache.go:99.2,101.33 3 3
github.com/ThotaGopichandThota/gn-storage/lrucache/lrucache.go:105.49,109.2 3 0
github.com/ThotaGopichandThota/gn-storage/lrucache/lrucache.go:112.65,114.2 1 3
github.com/ThotaGopichandThota/gn-storage/lrucache/lrucache.go:118.41,120.2 1 6
github.com/ThotaGopichandThota/gn-storage/lrucache/lrucache.go:124.66,127.9 2 6
github.com/ThotaGopichandThota/gn-storage/lrucache/lrucache.go:127.9,129.3 1 3
github.com/ThotaGopichandThota/gn-storage/lrucache/lrucache.go:131.2,131.14 1 3
github.com/ThotaGopichandThota/gn-storage/lrucache/lrucache.go:137.95,140.10 2 5
github.com/ThotaGopichandThota/gn-storage/lrucache/lrucache.go:140.10,142.3 1 4
github.com/ThotaGopichandThota/gn-storage/lrucache/lrucache.go:144.2,144.18 1 5
github.com/ThotaGopichandThota/gn-storage/lrucache/lrucache.go:147.73,149.44 2 62
github.com/ThotaGopichandThota/gn-storage/lrucache/lrucache.go:149.44,151.3 1 2
github.com/ThotaGopichandThota/gn-storage/lrucache/lrucache.go:152.2,152.34 1 62
github.com/ThotaGopichandThota/gn-storage/lrucache/lrucache.go:156.39,158.2 1 2
github.com/ThotaGopichandThota/gn-storage/lrucache/lrucache.go:161.36,165.32 3 1
github.com/ThotaGopichandThota/gn-storage/lrucache/lrucache.go:165.32,167.3 1 10
github.com/ThotaGopichandThota/gn-storage/lrucache/lrucache.go:169.2,169.10 1 1
github.com/ThotaGopichandThota/gn-storage/lrucache/lrucache.go:173.30,175.2 1 8
github.com/ThotaGopichandThota/gn-storage/lrucache/lrucache.go:178.50,180.2 1 0
github.com/ThotaGopichandThota/gn-storage/lrucache/lrucache.go:183.34,185.2 1 0
github.com/ThotaGopichandThota/gn-storage/lrucache/lrucache.go:188.34,190.2 1 1
github.com/ThotaGopichandThota/gn-storage/lrucache/lrucache.go:193.42,195.2 1 5
github.com/ThotaGopichandThota/gn-storage/lrucache/simpleLRUCacheAdapter.go:13.83,15.2 1 58
github.com/ThotaGopichandThota/gn-storage/lrucache/simpleLRUCacheAdapter.go:18.106,20.2 1 5
github.com/ThotaGopichandThota/gn-storage/lrucache/simpleLRUCacheAdapter.go:23.66,25.2 1 0
github.com/ThotaGopichandThota/gn-storage/timecache/peerTimeCache.go:17.75,18.28 1 3
github.com/ThotaGopichandThota/gn-storage/timecache/peerTimeCache.go:18.28,20.3 1 1
github.com/ThotaGopichandThota/gn-storage/timecache/peerTimeCache.go:22.2,24.8 1 2
github.com/ThotaGopichandThota/gn-storage/timecache/peerTimeCache.go:30.81,32.2 1 1
github.com/ThotaGopichandThota/gn-storage/timecache/peerTimeCache.go:35.35,37.2 1 1
github.com/ThotaGopichandThota/gn-storage/timecache/peerTimeCache.go:40.53,42.2 1 1
github.com/ThotaGopichandThota/gn-storage/timecache/peerTimeCache.go:45.49,47.2 1 2
github.com/ThotaGopichandThota/gn-storage/timecache/timeCache.go:17.57,21.2 1 15
github.com/ThotaGopichandThota/gn-storage/timecache/timeCache.go:25.44,27.2 1 18
github.com/ThotaGopichandThota/gn-storage/timecache/timeCache.go:29.68,30.19 1 21
github.com/ThotaGopichandThota/gn-storage/timecache/timeCache.go:30.19,32.3 1 1
github.com/ThotaGopichandThota/gn-storage/timecache/timeCache.go:34.2,41.12 4 20
github.com/ThotaGopichandThota/gn-storage/timecache/timeCache.go:46.76,48.2 1 3
github.com/ThotaGopichandThota/gn-storage/timecache/timeCache.go:53.71,57.2 2 6
github.com/ThotaGopichandThota/gn-storage/timecache/timeCache.go:61.30,63.2 1 3
github.com/ThotaGopichandThota/gn-storage/timecache/timeCache.go:66.43,68.2 1 5
github.com/ThotaGopichandThota/gn-storage/timecache/timeCache.go:71.32,73.2 1 11
github.com/ThotaGopichandThota/gn-storage/timecache/timeCache.go:76.44,78.2 1 2
github.com/ThotaGopichandThota/gn-storage/timecache/timeCacheCore.go:22.65,28.2 1 34
github.com/ThotaGopichandThota/gn-storage/timecache/timeCacheCore.go:34.103,35.19 1 149
github.com/ThotaGopichandThota/gn-storage/timecache/timeCacheCore.go:35.19,37.3 1 1
github.com/ThotaGopichandThota/gn-storage/timecache/timeCacheCore.go:39.2,43.11 4 148
github.com/ThotaGopichandThota/gn-storage/timecache/timeCacheCore.go:43.11,44.31 1 2
github.com/ThotaGopichandThota/gn-storage/timecache/timeCacheCore.go:44.31,46.4 1 1
github.com/ThotaGopichandThota/gn-storage/timecache/timeCacheCore.go:47.3,49.20 2 2
github.com/ThotaGopichandThota/gn-storage/timecache/timeCacheCore.go:52.2,57.19 2 146
github.com/ThotaGopichandThota/gn-storage/timecache/timeCacheCore.go:62.92,63.19 1 239
github.com/ThotaGopichandThota/gn-storage/timecache/timeCacheCore.go:63.19,65.3 1 2
github.com/ThotaGopichandThota/gn-storage/timecache/timeCacheCore.go:67.2,75.12 4 237
github.com/ThotaGopichandThota/gn-storage/timecache/timeCacheCore.go:80.111,81.19 1 218
github.com/ThotaGopichandThota/gn-storage/timecache/timeCacheCore.go:81.19,83.3 1 2
github.com/ThotaGopichandThota/gn-storage/timecache/timeCacheCore.go:85.2,89.11 4 216
github.com/ThotaGopichandThota/gn-storage/timecache/timeCacheCore.go:89.11,91.3 1 1
github.com/ThotaGopichandThota/gn-storage/timecache/timeCacheCore.go:93.2,98.25 2 215
github.com/ThotaGopichandThota/gn-storage/timecache/timeCacheCore.go:103.35,107.37 3 148
github.com/ThotaGopichandThota/gn-storage/timecache/timeCacheCore.go:107.37,109.19 2 408
github.com/ThotaGopichandThota/gn-storage/timecache/timeCacheCore.go:109.19,111.4 1 5
github.com/ThotaGopichandThota/gn-storage/timecache/timeCacheCore.go:116.48,123.2 4 222
github.com/ThotaGopichandThota/gn-storage/timecache/timeCacheCore.go:126.37,131.2 3 238
github.com/ThotaGopichandThota/gn-storage/timecache/timeCacheCore.go:135.35,139.2 3 217
github.com/ThotaGopichandThota/gn-storage/timecache/timeCacher.go:34.60,36.16 2 20
github.com/ThotaGopichandThota/gn-storage/timecache/timeCacher.go:36.16,38.3 1 2
github.com/ThotaGopichandThota/gn-storage/timecache/timeCacher.go:40.2,50.16 5 18
github.com/ThotaGopichandThota/gn-storage/timecache/timeCacher.go:53.40,54.35 1 20
github.com/ThotaGopichandThota/gn-storage/timecache/timeCacher.go:54.35,56.3 1 1
github.com/ThotaGopichandThota/gn-storage/timecache/timeCacher.go:57.2,57.35 1 19
github.com/ThotaGopichandThota/gn-storage/timecache/timeCacher.go:57.35,59.3 1 1
github.com/ThotaGopichandThota/gn-storage/timecache/timeCacher.go:61.2,61.12 1 18
github.com/ThotaGopichandThota/gn-storage/timecache/timeCacher.go:65.58,69.6 3 18
github.com/ThotaGopichandThota/gn-storage/timecache/timeCacher.go:69.6,72.10 2 20
github.com/ThotaGopichandThota/gn-storage/timecache/timeCacher.go:73.18,74.24 1 2
github.com/ThotaGopichandThota/gn-storage/timecache/timeCacher.go:75.21,77.10 2 3
github.com/ThotaGopichandThota/gn-storage/timecache/timeCacher.go:83.31,85.2 1 73
github.com/ThotaGopichandThota/gn-storage/timecache/timeCacher.go:88.80,90.16 2 96
github.com/ThotaGopichandThota/gn-storage/timecache/timeCacher.go:90.16,93.3 2 2
github.com/ThotaGopichandThota/gn-storage/timecache/timeCacher.go:95.2,97.14 2 94
github.com/ThotaGopichandThota/gn-storage/timecache/timeCacher.go:101.59,106.9 4 148
github.com/ThotaGopichandThota/gn-storage/timecache/timeCacher.go:106.9,108.3 1 146
github.com/ThotaGopichandThota/gn-storage/timecache/timeCacher.go:110.2,110.20 1 2
github.com/ThotaGopichandThota/gn-storage/timecache/timeCacher.go:114.44,116.2 1 74
github.com/ThotaGopichandThota/gn-storage/timecache/timeCacher.go:119.69,121.2 1 74
github.com/ThotaGopichandThota/gn-storage/timecache/timeCacher.go:125.88,128.16 3 76
github.com/ThotaGopichandThota/gn-storage/timecache/timeCacher.go:128.16,131.3 2 2
github.com/ThotaGopichandThota/gn-storage/timecache/timeCacher.go:133.2,133.10 1 74
github.com/ThotaGopichandThota/gn-storage/timecache/timeCacher.go:133.10,135.3 1 73
github.com/ThotaGopichandThota/gn-storage/timecache/timeCacher.go:137.2,137.8 1 74
github.com/ThotaGopichandThota/gn-storage/timecache/timeCacher.go:141.42,142.16 1 74
github.com/ThotaGopichandThota/gn-storage/timecache/timeCacher.go:142.16,144.3 1 1
github.com/ThotaGopichandThota/gn-storage/timecache/timeCacher.go:146.2,149.40 3 73
github.com/ThotaGopichandThota/gn-storage/timecache/timeCacher.go:153.39,159.35 5 72
github.com/ThotaGopichandThota/gn-storage/timecache/timeCacher.go:159.35,162.3 2 153
github.com/ThotaGopichandThota/gn-storage/timecache/timeCacher.go:164.2,164.13 1 72
github.com/ThotaGopichandThota/gn-storage/timecache/timeCacher.go:168.33,170.2 1 84
github.com/ThotaGopichandThota/gn-storage/timecache/timeCacher.go:173.53,175.2 1 72
github.com/ThotaGopichandThota/gn-storage/timecache/timeCacher.go:178.37,180.2 1 72
github.com/ThotaGopichandThota/gn-storage/timecache/timeCacher.go:183.95,184.20 1 79
github.com/ThotaGopichandThota/gn-storage/timecache/timeCacher.go:184.20,187.3 2 73
github.com/ThotaGopichandThota/gn-storage/timecache/timeCacher.go:189.2,191.34 3 6
github.com/ThotaGopichandThota/gn-storage/timecache/timeCacher.go:195.52,199.2 3 74
github.com/ThotaGopichandThota/gn-storage/timecache/timeCacher.go:201.76,203.45 2 167
github.com/ThotaGopichandThota/gn-storage/timecache/timeCacher.go:203.45,205.3 1 3
github.com/ThotaGopichandThota/gn-storage/timecache/timeCacher.go:206.2,206.35 1 167
github.com/ThotaGopichandThota/gn-storage/timecache/timeCacher.go:210.37,211.26 1 73
github.com/ThotaGopichandThota/gn-storage/timecache/timeCacher.go:211.26,213.3 1 73
github.com/ThotaGopichandThota/gn-storage/timecache/timeCacher.go:215.2,215.12 1 73
github.com/ThotaGopichandThota/gn-storage/timecache/timeCacher.go:219.45,221.2 1 13
github.com/ThotaGopichandThota/gn-storage/leveldb/batch.go:20.24,27.2 1 269
github.com/ThotaGopichandThota/gn-storage/leveldb/batch.go:30.51,37.2 6 72
github.com/ThotaGopichandThota/gn-storage/leveldb/batch.go:40.42,47.2 6 49
github.com/ThotaGopichandThota/gn-storage/leveldb/batch.go:50.25,56.2 5 93
github.com/ThotaGopichandThota/gn-storage/leveldb/batch.go:59.40,64.2 3 28
github.com/ThotaGopichandThota/gn-storage/leveldb/batch.go:67.44,74.2 4 32
github.com/ThotaGopichandThota/gn-storage/leveldb/batch.go:77.39,79.2 1 0
github.com/ThotaGopichandThota/gn-storage/leveldb/common.go:21.74,23.6 2 45
github.com/ThotaGopichandThota/gn-storage/leveldb/common.go:23.6,25.17 2 58
github.com/ThotaGopichandThota/gn-storage/leveldb/common.go:25.17,27.4 1 44
github.com/ThotaGopichandThota/gn-storage/leveldb/common.go:28.3,28.41 1 14
github.com/ThotaGopichandThota/gn-storage/leveldb/common.go:28.41,30.4 1 0
github.com/ThotaGopichandThota/gn-storage/leveldb/common.go:32.3,40.27 4 14
github.com/ThotaGopichandThota/gn-storage/leveldb/common.go:40.27,42.4 1 1
github.com/ThotaGopichandThota/gn-storage/leveldb/common.go:46.74,48.20 2 58
github.com/ThotaGopichandThota/gn-storage/leveldb/common.go:48.20,50.3 1 43
github.com/ThotaGopichandThota/gn-storage/leveldb/common.go:52.2,52.33 1 15
github.com/ThotaGopichandThota/gn-storage/leveldb/common.go:52.33,59.24 4 1
github.com/ThotaGopichandThota/gn-storage/leveldb/common.go:59.24,65.4 1 0
github.com/ThotaGopichandThota/gn-storage/leveldb/common.go:66.3,70.17 2 1
github.com/ThotaGopichandThota/gn-storage/leveldb/common.go:73.2,73.21 1 14
github.com/ThotaGopichandThota/gn-storage/leveldb/common.go:82.53,87.2 3 676
github.com/ThotaGopichandThota/gn-storage/leveldb/common.go:89.70,93.20 3 179
github.com/ThotaGopichandThota/gn-storage/leveldb/common.go:93.20,96.3 2 22
github.com/ThotaGopichandThota/gn-storage/leveldb/common.go:98.2,101.11 3 179
github.com/ThotaGopichandThota/gn-storage/leveldb/common.go:106.81,107.20 1 71
github.com/ThotaGopichandThota/gn-storage/leveldb/common.go:107.20,109.3 1 0
github.com/ThotaGopichandThota/gn-storage/leveldb/common.go:111.2,112.15 2 71
github.com/ThotaGopichandThota/gn-storage/leveldb/common.go:112.15,114.3 1 67
github.com/ThotaGopichandThota/gn-storage/leveldb/common.go:116.2,117.6 2 4
github.com/ThotaGopichandThota/gn-storage/leveldb/common.go:117.6,118.23 1 11
github.com/ThotaGopichandThota/gn-storage/leveldb/common.go:118.23,119.9 1 4
github.com/ThotaGopichandThota/gn-storage/leveldb/common.go:122.3,131.22 8 7
github.com/ThotaGopichandThota/gn-storage/leveldb/common.go:131.22,132.9 1 0
github.com/ThotaGopichandThota/gn-storage/leveldb/common.go:136.2,136.20 1 4
github.com/ThotaGopichandThota/gn-storage/leveldb/leveldb.go:42.103,50.16 6 26
github.com/ThotaGopichandThota/gn-storage/leveldb/leveldb.go:50.16,52.3 1 0
github.com/ThotaGopichandThota/gn-storage/leveldb/leveldb.go:53.2,55.22 2 26
github.com/ThotaGopichandThota/gn-storage/leveldb/leveldb.go:55.22,57.3 1 0
github.com/ThotaGopichandThota/gn-storage/leveldb/leveldb.go:59.2,67.16 4 26
github.com/ThotaGopichandThota/gn-storage/leveldb/leveldb.go:67.16,69.3 1 1
github.com/ThotaGopichandThota/gn-storage/leveldb/leveldb.go:70.2,90.45 7 25
github.com/ThotaGopichandThota/gn-storage/leveldb/leveldb.go:90.45,92.3 1 13
github.com/ThotaGopichandThota/gn-storage/leveldb/leveldb.go:94.2,101.21 6 25
github.com/ThotaGopichandThota/gn-storage/leveldb/leveldb.go:104.54,109.6 4 25
github.com/ThotaGopichandThota/gn-storage/leveldb/leveldb.go:109.6,112.10 2 67
github.com/ThotaGopichandThota/gn-storage/leveldb/leveldb.go:113.18,116.18 3 42
github.com/ThotaGopichandThota/gn-storage/leveldb/leveldb.go:116.18,119.13 3 0
github.com/ThotaGopichandThota/gn-storage/leveldb/leveldb.go:122.4,124.23 3 42
github.com/ThotaGopichandThota/gn-storage/leveldb/leveldb.go:125.21,127.10 2 14
github.com/ThotaGopichandThota/gn-storage/leveldb/leveldb.go:132.47,137.34 4 100
github.com/ThotaGopichandThota/gn-storage/leveldb/leveldb.go:137.34,139.3 1 15
github.com/ThotaGopichandThota/gn-storage/leveldb/leveldb.go:141.2,142.16 2 85
github.com/ThotaGopichandThota/gn-storage/leveldb/leveldb.go:142.16,145.3 2 70
github.com/ThotaGopichandThota/gn-storage/leveldb/leveldb.go:147.2,150.12 3 15
github.com/ThotaGopichandThota/gn-storage/leveldb/leveldb.go:154.41,159.16 4 58
github.com/ThotaGopichandThota/gn-storage/leveldb/leveldb.go:159.16,161.3 1 0
github.com/ThotaGopichandThota/gn-storage/leveldb/leveldb.go:163.2,163.37 1 58
github.com/ThotaGopichandThota/gn-storage/leveldb/leveldb.go:167.46,169.15 2 48
github.com/ThotaGopichandThota/gn-storage/leveldb/leveldb.go:169.15,171.3 1 35
github.com/ThotaGopichandThota/gn-storage/leveldb/leveldb.go:173.2,173.28 1 13
github.com/ThotaGopichandThota/gn-storage/leveldb/leveldb.go:173.28,175.3 1 2
github.com/ThotaGopichandThota/gn-storage/leveldb/leveldb.go:177.2,178.17 2 11
github.com/ThotaGopichandThota/gn-storage/leveldb/leveldb.go:178.17,180.3 1 4
github.com/ThotaGopichandThota/gn-storage/leveldb/leveldb.go:182.2,183.32 2 7
github.com/ThotaGopichandThota/gn-storage/leveldb/leveldb.go:183.32,185.3 1 3
github.com/ThotaGopichandThota/gn-storage/leveldb/leveldb.go:186.2,186.16 1 4
github.com/ThotaGopichandThota/gn-storage/leveldb/leveldb.go:186.16,188.3 1 0
github.com/ThotaGopichandThota/gn-storage/leveldb/leveldb.go:190.2,190.18 1 4
github.com/ThotaGopichandThota/gn-storage/leveldb/leveldb.go:194.36,196.15 2 38
github.com/ThotaGopichandThota/gn-storage/leveldb/leveldb.go:196.15,198.3 1 33
github.com/ThotaGopichandThota/gn-storage/leveldb/leveldb.go:200.2,200.28 1 5
github.com/ThotaGopichandThota/gn-storage/leveldb/leveldb.go:200.28,202.3 1 0
github.com/ThotaGopichandThota/gn-storage/leveldb/leveldb.go:204.2,205.17 2 5
github.com/ThotaGopichandThota/gn-storage/leveldb/leveldb.go:205.17,207.3 1 0
github.com/ThotaGopichandThota/gn-storage/leveldb/leveldb.go:209.2,210.16 2 5
github.com/ThotaGopichandThota/gn-storage/leveldb/leveldb.go:210.16,212.3 1 0
github.com/ThotaGopichandThota/gn-storage/leveldb/leveldb.go:214.2,214.9 1 5
github.com/ThotaGopichandThota/gn-storage/leveldb/leveldb.go:214.9,216.3 1 1
github.com/ThotaGopichandThota/gn-storage/leveldb/leveldb.go:218.2,218.30 1 4
github.com/ThotaGopichandThota/gn-storage/leveldb/leveldb.go:222.42,224.2 1 25
github.com/ThotaGopichandThota/gn-storage/leveldb/leveldb.go:227.46,229.9 2 186
github.com/ThotaGopichandThota/gn-storage/leveldb/leveldb.go:229.9,231.3 1 0
github.com/ThotaGopichandThota/gn-storage/leveldb/leveldb.go:233.2,238.15 3 186
github.com/ThotaGopichandThota/gn-storage/leveldb/leveldb.go:238.15,240.3 1 117
github.com/ThotaGopichandThota/gn-storage/leveldb/leveldb.go:242.2,242.38 1 69
github.com/ThotaGopichandThota/gn-storage/leveldb/leveldb.go:246.28,254.15 7 59
github.com/ThotaGopichandThota/gn-storage/leveldb/leveldb.go:254.15,256.3 1 11
github.com/ThotaGopichandThota/gn-storage/leveldb/leveldb.go:258.2,258.12 1 48
github.com/ThotaGopichandThota/gn-storage/leveldb/leveldb.go:262.39,268.2 4 42
github.com/ThotaGopichandThota/gn-storage/leveldb/leveldb.go:271.30,279.15 7 36
github.com/ThotaGopichandThota/gn-storage/leveldb/leveldb.go:279.15,281.17 2 3
github.com/ThotaGopichandThota/gn-storage/leveldb/leveldb.go:281.17,283.4 1 0
github.com/ThotaGopichandThota/gn-storage/leveldb/leveldb.go:286.2,286.29 1 36
github.com/ThotaGopichandThota/gn-storage/leveldb/leveldb.go:290.36,292.2 1 34
github.com/ThotaGopichandThota/gn-storage/leveldb/leveldb.go:295.36,297.2 1 33
github.com/ThotaGopichandThota/gn-storage/leveldb/leveldbSerial.go:37.115,45.16 6 19
github.com/ThotaGopichandThota/gn-storage/leveldb/leveldbSerial.go:45.16,47.3 1 0
github.com/ThotaGopichandThota/gn-storage/leveldb/leveldbSerial.go:48.2,50.22 2 19
github.com/ThotaGopichandThota/gn-storage/leveldb/leveldbSerial.go:50.22,52.3 1 0
github.com/ThotaGopichandThota/gn-storage/leveldb/leveldbSerial.go:54.2,62.16 4 19
github.com/ThotaGopichandThota/gn-storage/leveldb/leveldbSerial.go:62.16,64.3 1 0
github.com/ThotaGopichandThota/gn-storage/leveldb/leveldbSerial.go:65.2,88.51 8 19
github.com/ThotaGopichandThota/gn-storage/leveldb/leveldbSerial.go:88.51,90.3 1 8
github.com/ThotaGopichandThota/gn-storage/leveldb/leveldbSerial.go:92.2,99.21 6 19
github.com/ThotaGopichandThota/gn-storage/leveldb/leveldbSerial.go:102.60,107.6 4 19
github.com/ThotaGopichandThota/gn-storage/leveldb/leveldbSerial.go:107.6,110.10 2 154
github.com/ThotaGopichandThota/gn-storage/leveldb/leveldbSerial.go:111.18,113.18 2 135
github.com/ThotaGopichandThota/gn-storage/leveldb/leveldbSerial.go:113.18,115.13 2 0
github.com/ThotaGopichandThota/gn-storage/leveldb/leveldbSerial.go:117.21,119.10 2 8
github.com/ThotaGopichandThota/gn-storage/leveldb/leveldbSerial.go:124.53,127.34 3 21
github.com/ThotaGopichandThota/gn-storage/leveldb/leveldbSerial.go:127.34,130.3 2 15
github.com/ThotaGopichandThota/gn-storage/leveldb/leveldbSerial.go:131.2,135.12 3 6
github.com/ThotaGopichandThota/gn-storage/leveldb/leveldbSerial.go:139.47,140.18 1 49
github.com/ThotaGopichandThota/gn-storage/leveldb/leveldbSerial.go:140.18,142.3 1 35
github.com/ThotaGopichandThota/gn-storage/leveldb/leveldbSerial.go:144.2,147.16 4 14
github.com/ThotaGopichandThota/gn-storage/leveldb/leveldbSerial.go:147.16,149.3 1 0
github.com/ThotaGopichandThota/gn-storage/leveldb/leveldbSerial.go:151.2,151.37 1 14
github.com/ThotaGopichandThota/gn-storage/leveldb/leveldbSerial.go:155.52,156.18 1 46
github.com/ThotaGopichandThota/gn-storage/leveldb/leveldbSerial.go:156.18,158.3 1 35
github.com/ThotaGopichandThota/gn-storage/leveldb/leveldbSerial.go:160.2,161.28 2 11
github.com/ThotaGopichandThota/gn-storage/leveldb/leveldbSerial.go:161.28,164.3 2 2
github.com/ThotaGopichandThota/gn-storage/leveldb/leveldbSerial.go:166.2,169.17 3 9
github.com/ThotaGopichandThota/gn-storage/leveldb/leveldbSerial.go:169.17,171.3 1 4
github.com/ThotaGopichandThota/gn-storage/leveldb/leveldbSerial.go:173.2,180.16 4 5
github.com/ThotaGopichandThota/gn-storage/leveldb/leveldbSerial.go:180.16,182.3 1 0
github.com/ThotaGopichandThota/gn-storage/leveldb/leveldbSerial.go:183.2,186.39 3 5
github.com/ThotaGopichandThota/gn-storage/leveldb/leveldbSerial.go:186.39,188.3 1 3
github.com/ThotaGopichandThota/gn-storage/leveldb/leveldbSerial.go:189.2,189.23 1 2
github.com/ThotaGopichandThota/gn-storage/leveldb/leveldbSerial.go:189.23,191.3 1 0
github.com/ThotaGopichandThota/gn-storage/leveldb/leveldbSerial.go:193.2,193.26 1 2
github.com/ThotaGopichandThota/gn-storage/leveldb/leveldbSerial.go:197.42,198.18 1 38
github.com/ThotaGopichandThota/gn-storage/leveldb/leveldbSerial.go:198.18,200.3 1 35
github.com/ThotaGopichandThota/gn-storage/leveldb/leveldbSerial.go:202.2,203.28 2 3
github.com/ThotaGopichandThota/gn-storage/leveldb/leveldbSerial.go:203.28,206.3 2 0
github.com/ThotaGopichandThota/gn-storage/leveldb/leveldbSerial.go:208.2,211.17 3 3
github.com/ThotaGopichandThota/gn-storage/leveldb/leveldbSerial.go:211.17,213.3 1 0
github.com/ThotaGopichandThota/gn-storage/leveldb/leveldbSerial.go:215.2,222.16 4 3
github.com/ThotaGopichandThota/gn-storage/leveldb/leveldbSerial.go:222.16,224.3 1 0
github.com/ThotaGopichandThota/gn-storage/leveldb/leveldbSerial.go:225.2,228.15 3 3
github.com/ThotaGopichandThota/gn-storage/leveldb/leveldbSerial.go:231.68,232.9 1 233
github.com/ThotaGopichandThota/gn-storage/leveldb/leveldbSerial.go:233.25,234.13 1 158
github.com/ThotaGopichandThota/gn-storage/leveldb/leveldbSerial.go:235.30,236.30 1 75
github.com/ThotaGopichandThota/gn-storage/leveldb/leveldbSerial.go:241.37,244.9 3 225
github.com/ThotaGopichandThota/gn-storage/leveldb/leveldbSerial.go:244.9,247.3 2 0
github.com/ThotaGopichandThota/gn-storage/leveldb/leveldbSerial.go:248.2,259.16 7 225
github.com/ThotaGopichandThota/gn-storage/leveldb/leveldbSerial.go:259.16,261.3 1 75
github.com/ThotaGopichandThota/gn-storage/leveldb/leveldbSerial.go:262.2,265.15 3 150
github.com/ThotaGopichandThota/gn-storage/leveldb/leveldbSerial.go:268.36,272.2 2 175
github.com/ThotaGopichandThota/gn-storage/leveldb/leveldbSerial.go:275.34,281.2 2 47
github.com/ThotaGopichandThota/gn-storage/leveldb/leveldbSerial.go:284.45,285.18 1 42
github.com/ThotaGopichandThota/gn-storage/leveldb/leveldbSerial.go:285.18,287.3 1 35
github.com/ThotaGopichandThota/gn-storage/leveldb/leveldbSerial.go:289.2,293.37 4 7
github.com/ThotaGopichandThota/gn-storage/leveldb/leveldbSerial.go:297.36,305.16 4 37
github.com/ThotaGopichandThota/gn-storage/leveldb/leveldbSerial.go:305.16,307.3 1 37
github.com/ThotaGopichandThota/gn-storage/leveldb/leveldbSerial.go:309.2,309.12 1 0
github.com/ThotaGopichandThota/gn-storage/leveldb/leveldbSerial.go:313.42,315.16 2 34
github.com/ThotaGopichandThota/gn-storage/leveldb/leveldbSerial.go:315.16,317.3 1 0
github.com/ThotaGopichandThota/gn-storage/leveldb/leveldbSerial.go:318.2,318.12 1 34
github.com/ThotaGopichandThota/gn-storage/leveldb/leveldbSerial.go:324.36,329.15 4 84
github.com/ThotaGopichandThota/gn-storage/leveldb/leveldbSerial.go:329.15,331.3 1 8
github.com/ThotaGopichandThota/gn-storage/leveldb/leveldbSerial.go:333.2,333.12 1 76
github.com/ThotaGopichandThota/gn-storage/leveldb/leveldbSerial.go:336.53,337.6 1 19
github.com/ThotaGopichandThota/gn-storage/leveldb/leveldbSerial.go:337.6,338.10 1 177
github.com/ThotaGopichandThota/gn-storage/leveldb/leveldbSerial.go:339.32,340.22 1 158
github.com/ThotaGopichandThota/gn-storage/leveldb/leveldbSerial.go:341.21,343.10 2 8
github.com/ThotaGopichandThota/gn-storage/leveldb/leveldbSerial.go:349.42,351.2 1 33
github.com/ThotaGopichandThota/gn-storage/leveldb/serialActions.go:32.44,34.2 1 150
github.com/ThotaGopichandThota/gn-storage/leveldb/serialActions.go:36.55,38.15 2 150
github.com/ThotaGopichandThota/gn-storage/leveldb/serialActions.go:38.15,40.3 1 1
github.com/ThotaGopichandThota/gn-storage/leveldb/serialActions.go:42.2,46.38 2 149
github.com/ThotaGopichandThota/gn-storage/leveldb/serialActions.go:49.39,57.2 3 5
github.com/ThotaGopichandThota/gn-storage/leveldb/serialActions.go:59.60,61.15 2 5
github.com/ThotaGopichandThota/gn-storage/leveldb/serialActions.go:61.15,63.3 1 0
github.com/ThotaGopichandThota/gn-storage/leveldb/serialActions.go:65.2,65.27 1 5
github.com/ThotaGopichandThota/gn-storage/leveldb/serialActions.go:68.39,71.16 2 3
github.com/ThotaGopichandThota/gn-storage/leveldb/serialActions.go:71.16,74.3 2 0
github.com/ThotaGopichandThota/gn-storage/leveldb/serialActions.go:76.2,76.9 1 3
github.com/ThotaGopichandThota/gn-storage/leveldb/serialActions.go:76.9,79.3 2 1
github.com/ThotaGopichandThota/gn-storage/leveldb/serialActions.go:81.2,81.36 1 2
github.com/ThotaGopichandThota/gn-storage/leveldb/serialActions.go:84.58,86.15 2 3
github.com/ThotaGopichandThota/gn-storage/leveldb/serialActions.go:86.15,88.3 1 0
github.com/ThotaGopichandThota/gn-storage/leveldb/serialActions.go:90.2,90.27 1 3
github.com/ThotaGopichandThota/gn-storage/txcache/config.go:39.46,40.27 1 45
github.com/ThotaGopichandThota/gn-storage/txcache/config.go:40.27,42.3 1 1
github.com/ThotaGopichandThota/gn-storage/txcache/config.go:43.2,43.86 1 44
github.com/ThotaGopichandThota/gn-storage/txcache/config.go:43.86,45.3 1 1
github.com/ThotaGopichandThota/gn-storage/txcache/config.go:46.2,46.142 1 43
github.com/ThotaGopichandThota/gn-storage/txcache/config.go:46.142,48.3 1 1
github.com/ThotaGopichandThota/gn-storage/txcache/config.go:49.2,49.69 1 42
github.com/ThotaGopichandThota/gn-storage/txcache/config.go:49.69,51.3 1 1
github.com/ThotaGopichandThota/gn-storage/txcache/config.go:52.2,52.28 1 41
github.com/ThotaGopichandThota/gn-storage/txcache/config.go:52.28,53.107 1 6
github.com/ThotaGopichandThota/gn-storage/txcache/config.go:53.107,55.4 1 1
github.com/ThotaGopichandThota/gn-storage/txcache/config.go:56.3,56.52 1 5
github.com/ThotaGopichandThota/gn-storage/txcache/config.go:56.52,58.4 1 1
github.com/ThotaGopichandThota/gn-storage/txcache/config.go:59.3,59.85 1 4
github.com/ThotaGopichandThota/gn-storage/txcache/config.go:59.85,61.4 1 1
github.com/ThotaGopichandThota/gn-storage/txcache/config.go:64.2,64.12 1 38
github.com/ThotaGopichandThota/gn-storage/txcache/config.go:67.72,72.2 1 37
github.com/ThotaGopichandThota/gn-storage/txcache/config.go:75.47,77.16 2 45
github.com/ThotaGopichandThota/gn-storage/txcache/config.go:77.16,79.3 1 0
github.com/ThotaGopichandThota/gn-storage/txcache/config.go:81.2,81.22 1 45
github.com/ThotaGopichandThota/gn-storage/txcache/config.go:94.51,95.27 1 2
github.com/ThotaGopichandThota/gn-storage/txcache/config.go:95.27,97.3 1 0
github.com/ThotaGopichandThota/gn-storage/txcache/config.go:98.2,98.86 1 2
github.com/ThotaGopichandThota/gn-storage/txcache/config.go:98.86,100.3 1 0
github.com/ThotaGopichandThota/gn-storage/txcache/config.go:101.2,101.48 1 2
github.com/ThotaGopichandThota/gn-storage/txcache/config.go:101.48,103.3 1 0
github.com/ThotaGopichandThota/gn-storage/txcache/config.go:104.2,104.94 1 2
github.com/ThotaGopichandThota/gn-storage/txcache/config.go:104.94,106.3 1 0
github.com/ThotaGopichandThota/gn-storage/txcache/config.go:107.2,107.78 1 2
github.com/ThotaGopichandThota/gn-storage/txcache/config.go:107.78,109.3 1 0
github.com/ThotaGopichandThota/gn-storage/txcache/config.go:111.2,111.12 1 2
github.com/ThotaGopichandThota/gn-storage/txcache/config.go:115.52,117.16 2 2
github.com/ThotaGopichandThota/gn-storage/txcache/config.go:117.16,119.3 1 0
github.com/ThotaGopichandThota/gn-storage/txcache/config.go:121.2,121.22 1 2
github.com/ThotaGopichandThota/gn-storage/txcache/crossTxCache.go:17.73,21.16 3 2
github.com/ThotaGopichandThota/gn-storage/txcache/crossTxCache.go:21.16,23.3 1 0
github.com/ThotaGopichandThota/gn-storage/txcache/crossTxCache.go:25.2,34.16 3 2
github.com/ThotaGopichandThota/gn-storage/txcache/crossTxCache.go:34.16,36.3 1 0
github.com/ThotaGopichandThota/gn-storage/txcache/crossTxCache.go:38.2,43.20 2 2
github.com/ThotaGopichandThota/gn-storage/txcache/crossTxCache.go:47.70,56.2 3 0
github.com/ThotaGopichandThota/gn-storage/txcache/crossTxCache.go:59.76,61.2 1 16
github.com/ThotaGopichandThota/gn-storage/txcache/crossTxCache.go:64.83,66.9 2 6
github.com/ThotaGopichandThota/gn-storage/txcache/crossTxCache.go:66.9,68.3 1 3
github.com/ThotaGopichandThota/gn-storage/txcache/crossTxCache.go:69.2,70.9 2 3
github.com/ThotaGopichandThota/gn-storage/txcache/crossTxCache.go:70.9,72.3 1 0
github.com/ThotaGopichandThota/gn-storage/txcache/crossTxCache.go:74.2,74.17 1 3
github.com/ThotaGopichandThota/gn-storage/txcache/crossTxCache.go:79.73,81.9 2 4
github.com/ThotaGopichandThota/gn-storage/txcache/crossTxCache.go:81.9,83.3 1 2
github.com/ThotaGopichandThota/gn-storage/txcache/crossTxCache.go:85.2,85.25 1 2
github.com/ThotaGopichandThota/gn-storage/txcache/crossTxCache.go:90.74,92.2 1 2
github.com/ThotaGopichandThota/gn-storage/txcache/crossTxCache.go:95.63,97.2 1 0
github.com/ThotaGopichandThota/gn-storage/txcache/crossTxCache.go:100.76,101.55 1 0
github.com/ThotaGopichandThota/gn-storage/txcache/crossTxCache.go:101.55,103.10 2 0
github.com/ThotaGopichandThota/gn-storage/txcache/crossTxCache.go:103.10,105.4 1 0
github.com/ThotaGopichandThota/gn-storage/txcache/crossTxCache.go:107.3,107.20 1 0
github.com/ThotaGopichandThota/gn-storage/txcache/crossTxCache.go:114.89,116.2 1 1
github.com/ThotaGopichandThota/gn-storage/txcache/crossTxCache.go:119.50,121.2 1 0
github.com/ThotaGopichandThota/gn-storage/txcache/disabledCache.go:14.40,16.2 1 1
github.com/ThotaGopichandThota/gn-storage/txcache/disabledCache.go:19.80,21.2 1 1
github.com/ThotaGopichandThota/gn-storage/txcache/disabledCache.go:24.79,26.2 1 1
github.com/ThotaGopichandThota/gn-storage/txcache/disabledCache.go:29.107,31.2 1 1
github.com/ThotaGopichandThota/gn-storage/txcache/disabledCache.go:34.59,36.2 1 1
github.com/ThotaGopichandThota/gn-storage/txcache/disabledCache.go:39.39,41.2 1 1
github.com/ThotaGopichandThota/gn-storage/txcache/disabledCache.go:44.59,46.2 1 0
github.com/ThotaGopichandThota/gn-storage/txcache/disabledCache.go:49.44,51.2 1 0
github.com/ThotaGopichandThota/gn-storage/txcache/disabledCache.go:54.71,55.2 0 1
github.com/ThotaGopichandThota/gn-storage/txcache/disabledCache.go:58.38,59.2 0 1
github.com/ThotaGopichandThota/gn-storage/txcache/disabledCache.go:62.80,64.2 1 1
github.com/ThotaGopichandThota/gn-storage/txcache/disabledCache.go:67.72,69.2 1 1
github.com/ThotaGopichandThota/gn-storage/txcache/disabledCache.go:72.48,74.2 1 1
github.com/ThotaGopichandThota/gn-storage/txcache/disabledCache.go:77.73,79.2 1 1
github.com/ThotaGopichandThota/gn-storage/txcache/disabledCache.go:82.88,84.2 1 1
github.com/ThotaGopichandThota/gn-storage/txcache/disabledCache.go:87.47,88.2 0 1
github.com/ThotaGopichandThota/gn-storage/txcache/disabledCache.go:91.45,93.2 1 1
github.com/ThotaGopichandThota/gn-storage/txcache/disabledCache.go:96.43,98.2 1 1
github.com/ThotaGopichandThota/gn-storage/txcache/disabledCache.go:101.91,102.2 0 1
github.com/ThotaGopichandThota/gn-storage/txcache/disabledCache.go:105.56,106.2 0 0
github.com/ThotaGopichandThota/gn-storage/txcache/disabledCache.go:109.69,110.2 0 0
github.com/ThotaGopichandThota/gn-storage/txcache/disabledCache.go:113.69,114.2 0 0
github.com/ThotaGopichandThota/gn-storage/txcache/disabledCache.go:117.47,118.2 0 0
github.com/ThotaGopichandThota/gn-storage/txcache/disabledCache.go:121.90,123.2 1 1
github.com/ThotaGopichandThota/gn-storage/txcache/disabledCache.go:126.43,128.2 1 1
github.com/ThotaGopichandThota/gn-storage/txcache/disabledCache.go:131.51,133.2 1 1
github.com/ThotaGopichandThota/gn-storage/txcache/eviction.go:9.36,10.40 1 350113
github.com/ThotaGopichandThota/gn-storage/txcache/eviction.go:10.40,12.3 1 1
github.com/ThotaGopichandThota/gn-storage/txcache/eviction.go:14.2,14.33 1 350112
github.com/ThotaGopichandThota/gn-storage/txcache/eviction.go:14.33,16.3 1 350108
github.com/ThotaGopichandThota/gn-storage/txcache/eviction.go:18.2,24.33 5 4
github.com/ThotaGopichandThota/gn-storage/txcache/eviction.go:24.33,26.3 1 0
github.com/ThotaGopichandThota/gn-storage/txcache/eviction.go:28.2,37.34 8 4
github.com/ThotaGopichandThota/gn-storage/txcache/eviction.go:40.47,42.2 1 8
github.com/ThotaGopichandThota/gn-storage/txcache/eviction.go:44.50,46.2 1 4
github.com/ThotaGopichandThota/gn-storage/txcache/eviction.go:48.49,50.2 1 350144
github.com/ThotaGopichandThota/gn-storage/txcache/eviction.go:52.51,56.2 3 350144
github.com/ThotaGopichandThota/gn-storage/txcache/eviction.go:58.53,62.2 3 350132
github.com/ThotaGopichandThota/gn-storage/txcache/eviction.go:64.49,68.2 3 350122
github.com/ThotaGopichandThota/gn-storage/txcache/eviction.go:71.121,75.2 3 36
github.com/ThotaGopichandThota/gn-storage/txcache/eviction.go:77.69,79.2 1 7
github.com/ThotaGopichandThota/gn-storage/txcache/eviction.go:83.117,84.23 1 8
github.com/ThotaGopichandThota/gn-storage/txcache/eviction.go:84.23,86.3 1 1
github.com/ThotaGopichandThota/gn-storage/txcache/eviction.go:88.2,93.41 5 7
github.com/ThotaGopichandThota/gn-storage/txcache/eviction.go:93.41,109.18 12 15
github.com/ThotaGopichandThota/gn-storage/txcache/eviction.go:109.18,110.9 1 1
github.com/ThotaGopichandThota/gn-storage/txcache/eviction.go:114.2,114.8 1 7
github.com/ThotaGopichandThota/gn-storage/txcache/eviction.go:118.97,122.38 3 36
github.com/ThotaGopichandThota/gn-storage/txcache/eviction.go:122.38,125.3 2 1219
github.com/ThotaGopichandThota/gn-storage/txcache/eviction.go:127.2,127.55 1 36
github.com/ThotaGopichandThota/gn-storage/txcache/feeComputationHelper.go:23.102,27.2 3 109
github.com/ThotaGopichandThota/gn-storage/txcache/feeComputationHelper.go:29.57,31.2 1 924622
github.com/ThotaGopichandThota/gn-storage/txcache/feeComputationHelper.go:33.57,35.2 1 924071
github.com/ThotaGopichandThota/gn-storage/txcache/feeComputationHelper.go:37.60,39.2 1 1
github.com/ThotaGopichandThota/gn-storage/txcache/feeComputationHelper.go:41.59,43.2 1 444
github.com/ThotaGopichandThota/gn-storage/txcache/feeComputationHelper.go:45.61,47.2 1 924114
github.com/ThotaGopichandThota/gn-storage/txcache/feeComputationHelper.go:49.111,52.44 3 112
github.com/ThotaGopichandThota/gn-storage/txcache/feeComputationHelper.go:52.44,55.3 2 5
github.com/ThotaGopichandThota/gn-storage/txcache/feeComputationHelper.go:57.2,61.52 4 112
github.com/ThotaGopichandThota/gn-storage/txcache/feeComputationHelper.go:65.63,70.49 4 227
github.com/ThotaGopichandThota/gn-storage/txcache/feeComputationHelper.go:70.49,72.3 1 3555
github.com/ThotaGopichandThota/gn-storage/txcache/feeComputationHelper.go:74.2,74.10 1 227
github.com/ThotaGopichandThota/gn-storage/txcache/feeComputationHelper.go:78.56,80.2 1 0
github.com/ThotaGopichandThota/gn-storage/txcache/monitoring.go:14.86,17.73 2 3
github.com/ThotaGopichandThota/gn-storage/txcache/monitoring.go:17.73,19.3 1 3
github.com/ThotaGopichandThota/gn-storage/txcache/monitoring.go:22.62,28.2 5 4
github.com/ThotaGopichandThota/gn-storage/txcache/monitoring.go:30.69,36.2 5 4
github.com/ThotaGopichandThota/gn-storage/txcache/monitoring.go:38.63,44.2 5 112
github.com/ThotaGopichandThota/gn-storage/txcache/monitoring.go:46.103,61.2 7 112
github.com/ThotaGopichandThota/gn-storage/txcache/monitoring.go:71.79,72.27 1 16654
[...]
github.com/ThotaGopichandThota/gn-storage/txcache/txCache.go:271.69,273.8 2 2
github.com/ThotaGopichandThota/gn-storage/txcache/txCache.go:273.8,275.3 1 1
github.com/ThotaGopichandThota/gn-storage/txcache/txCache.go:276.2,276.19 1 1
github.com/ThotaGopichandThota/gn-storage/txcache/txCache.go:280.82,283.2 2 1
github.com/ThotaGopichandThota/gn-storage/txcache/txCache.go:286.42,288.2 1 121
github.com/ThotaGopichandThota/gn-storage/txcache/txCache.go:291.39,293.2 1 1
github.com/ThotaGopichandThota/gn-storage/txcache/txCache.go:296.37,299.2 1 1
github.com/ThotaGopichandThota/gn-storage/txcache/txCache.go:302.84,304.2 1 1
github.com/ThotaGopichandThota/gn-storage/txcache/txCache.go:307.49,309.2 1 0
github.com/ThotaGopichandThota/gn-storage/txcache/txCache.go:313.75,315.2 1 6
github.com/ThotaGopichandThota/gn-storage/txcache/txCache.go:318.63,319.2 0 0
github.com/ThotaGopichandThota/gn-storage/txcache/txCache.go:322.37,324.2 1 1
github.com/ThotaGopichandThota/gn-storage/txcache/txCache.go:327.45,329.2 1 1
github.com/ThotaGopichandThota/gn-storage/txcache/txListBySenderMap.go:30.22,40.2 2 43
github.com/ThotaGopichandThota/gn-storage/txcache/txListBySenderMap.go:43.80,47.2 3 461252
github.com/ThotaGopichandThota/gn-storage/txcache/txListBySenderMap.go:50.87,52.8 2 461252
github.com/ThotaGopichandThota/gn-storage/txcache/txListBySenderMap.go:52.8,54.3 1 431116
github.com/ThotaGopichandThota/gn-storage/txcache/txListBySenderMap.go:56.2,60.8 4 30136
github.com/ThotaGopichandThota/gn-storage/txcache/txListBySenderMap.go:60.8,62.3 1 65
github.com/ThotaGopichandThota/gn-storage/txcache/txListBySenderMap.go:64.2,64.32 1 30071
github.com/ThotaGopichandThota/gn-storage/txcache/txListBySenderMap.go:67.90,69.9 2 498720
github.com/ThotaGopichandThota/gn-storage/txcache/txListBySenderMap.go:69.9,71.3 1 60209
github.com/ThotaGopichandThota/gn-storage/txcache/txListBySenderMap.go:73.2,74.28 2 438511
github.com/ThotaGopichandThota/gn-storage/txcache/txListBySenderMap.go:77.75,84.2 4 30071
github.com/ThotaGopichandThota/gn-storage/txcache/txListBySenderMap.go:87.107,91.2 3 464674
github.com/ThotaGopichandThota/gn-storage/txcache/txListBySenderMap.go:94.71,98.9 3 6979
github.com/ThotaGopichandThota/gn-storage/txcache/txListBySenderMap.go:98.9,103.3 2 1
github.com/ThotaGopichandThota/gn-storage/txcache/txListBySenderMap.go:105.2,107.13 3 6978
github.com/ThotaGopichandThota/gn-storage/txcache/txListBySenderMap.go:107.13,109.3 1 3393
github.com/ThotaGopichandThota/gn-storage/txcache/txListBySenderMap.go:111.2,111.16 1 6978
github.com/ThotaGopichandThota/gn-storage/txcache/txListBySenderMap.go:114.66,116.13 2 104914
github.com/ThotaGopichandThota/gn-storage/txcache/txListBySenderMap.go:116.13,118.3 1 4710
github.com/ThotaGopichandThota/gn-storage/txcache/txListBySenderMap.go:120.2,120.16 1 104914
github.com/ThotaGopichandThota/gn-storage/txcache/txListBySenderMap.go:124.76,127.36 2 336
github.com/ThotaGopichandThota/gn-storage/txcache/txListBySenderMap.go:127.36,128.36 1 1519
github.com/ThotaGopichandThota/gn-storage/txcache/txListBySenderMap.go:128.36,130.4 1 1316
github.com/ThotaGopichandThota/gn-storage/txcache/txListBySenderMap.go:133.2,133.19 1 336
github.com/ThotaGopichandThota/gn-storage/txcache/txListBySenderMap.go:136.85,139.9 3 8
github.com/ThotaGopichandThota/gn-storage/txcache/txListBySenderMap.go:139.9,141.3 1 1
github.com/ThotaGopichandThota/gn-storage/txcache/txListBySenderMap.go:143.2,143.41 1 7
github.com/ThotaGopichandThota/gn-storage/txcache/txListBySenderMap.go:146.75,150.37 3 10136
github.com/ThotaGopichandThota/gn-storage/txcache/txListBySenderMap.go:150.37,152.3 1 25553
github.com/ThotaGopichandThota/gn-storage/txcache/txListBySenderMap.go:154.2,154.22 1 10136
github.com/ThotaGopichandThota/gn-storage/txcache/txListBySenderMap.go:157.76,161.37 3 112
github.com/ThotaGopichandThota/gn-storage/txcache/txListBySenderMap.go:161.37,163.3 1 1133
github.com/ThotaGopichandThota/gn-storage/txcache/txListBySenderMap.go:165.2,165.22 1 112
github.com/ThotaGopichandThota/gn-storage/txcache/txListBySenderMap.go:168.41,171.2 2 5
github.com/ThotaGopichandThota/gn-storage/txcache/txListForSender.go:41.124,48.2 1 30097
github.com/ThotaGopichandThota/gn-storage/txcache/txListForSender.go:52.134,58.16 4 465587
github.com/ThotaGopichandThota/gn-storage/txcache/txListForSender.go:58.16,60.3 1 3557
github.com/ThotaGopichandThota/gn-storage/txcache/txListForSender.go:62.2,62.27 1 462030
github.com/ThotaGopichandThota/gn-storage/txcache/txListForSender.go:62.27,64.3 1 454120
github.com/ThotaGopichandThota/gn-storage/txcache/txListForSender.go:64.8,66.3 1 7910
github.com/ThotaGopichandThota/gn-storage/txcache/txListForSender.go:68.2,71.22 4 462030
github.com/ThotaGopichandThota/gn-storage/txcache/txListForSender.go:75.71,79.86 2 462030
github.com/ThotaGopichandThota/gn-storage/txcache/txListForSender.go:79.86,80.42 1 462030
github.com/ThotaGopichandThota/gn-storage/txcache/txListForSender.go:80.42,81.9 1 462020
github.com/ThotaGopichandThota/gn-storage/txcache/txListForSender.go:84.3,89.58 4 10
github.com/ThotaGopichandThota/gn-storage/txcache/txListForSender.go:92.2,92.24 1 462030
github.com/ThotaGopichandThota/gn-storage/txcache/txListForSender.go:95.65,102.2 5 462030
github.com/ThotaGopichandThota/gn-storage/txcache/txListForSender.go:104.130,108.2 3 462030
github.com/ThotaGopichandThota/gn-storage/txcache/txListForSender.go:110.60,113.2 2 469013
github.com/ThotaGopichandThota/gn-storage/txcache/txListForSender.go:116.74,122.2 4 469038
github.com/ThotaGopichandThota/gn-storage/txcache/txListForSender.go:125.113,129.86 3 465587
github.com/ThotaGopichandThota/gn-storage/txcache/txListForSender.go:129.86,134.35 4 56037043
github.com/ThotaGopichandThota/gn-storage/txcache/txListForSender.go:134.35,137.4 1 3557
github.com/ThotaGopichandThota/gn-storage/txcache/txListForSender.go:139.3,139.38 1 56033486
github.com/ThotaGopichandThota/gn-storage/txcache/txListForSender.go:139.38,140.44 1 20
github.com/ThotaGopichandThota/gn-storage/txcache/txListForSender.go:140.44,144.5 1 3
github.com/ThotaGopichandThota/gn-storage/txcache/txListForSender.go:145.4,145.45 1 17
github.com/ThotaGopichandThota/gn-storage/txcache/txListForSender.go:145.45,149.63 1 9
github.com/ThotaGopichandThota/gn-storage/txcache/txListForSender.go:149.63,151.6 1 7
github.com/ThotaGopichandThota/gn-storage/txcache/txListForSender.go:155.3,155.37 1 56033476
github.com/ThotaGopichandThota/gn-storage/txcache/txListForSender.go:155.37,159.4 1 7900
github.com/ThotaGopichandThota/gn-storage/txcache/txListForSender.go:163.2,163.17 1 454120
github.com/ThotaGopichandThota/gn-storage/txcache/txListForSender.go:167.77,174.13 5 6984
github.com/ThotaGopichandThota/gn-storage/txcache/txListForSender.go:174.13,178.3 3 6983
github.com/ThotaGopichandThota/gn-storage/txcache/txListForSender.go:180.2,180.16 1 6984
github.com/ThotaGopichandThota/gn-storage/txcache/txListForSender.go:183.83,189.2 4 6993
github.com/ThotaGopichandThota/gn-storage/txcache/txListForSender.go:192.105,196.87 3 6989
github.com/ThotaGopichandThota/gn-storage/txcache/txListForSender.go:196.87,199.46 2 10567
github.com/ThotaGopichandThota/gn-storage/txcache/txListForSender.go:199.46,201.4 1 6986
github.com/ThotaGopichandThota/gn-storage/txcache/txListForSender.go:204.3,204.42 1 3581
github.com/ThotaGopichandThota/gn-storage/txcache/txListForSender.go:204.42,205.9 1 1
github.com/ThotaGopichandThota/gn-storage/txcache/txListForSender.go:209.2,209.12 1 3
github.com/ThotaGopichandThota/gn-storage/txcache/txListForSender.go:213.54,215.2 1 6979
github.com/ThotaGopichandThota/gn-storage/txcache/txListForSender.go:219.162,228.18 4 16673
github.com/ThotaGopichandThota/gn-storage/txcache/txListForSender.go:228.18,237.3 6 1146
github.com/ThotaGopichandThota/gn-storage/txcache/txListForSender.go:239.2,247.17 5 16673
github.com/ThotaGopichandThota/gn-storage/txcache/txListForSender.go:247.17,248.54 1 32
github.com/ThotaGopichandThota/gn-storage/txcache/txListForSender.go:248.54,251.4 2 7
github.com/ThotaGopichandThota/gn-storage/txcache/txListForSender.go:251.9,253.4 1 25
github.com/ThotaGopichandThota/gn-storage/txcache/txListForSender.go:256.2,259.77 4 16673
github.com/ThotaGopichandThota/gn-storage/txcache/txListForSender.go:259.77,260.104 1 49975
github.com/ThotaGopichandThota/gn-storage/txcache/txListForSender.go:260.104,261.9 1 16670
github.com/ThotaGopichandThota/gn-storage/txcache/txListForSender.go:264.3,268.53 4 33305
github.com/ThotaGopichandThota/gn-storage/txcache/txListForSender.go:268.53,271.9 3 3
github.com/ThotaGopichandThota/gn-storage/txcache/txListForSender.go:274.3,276.26 3 33302
github.com/ThotaGopichandThota/gn-storage/txcache/txListForSender.go:279.2,282.16 4 16673
github.com/ThotaGopichandThota/gn-storage/txcache/txListForSender.go:286.62,292.87 4 1551
github.com/ThotaGopichandThota/gn-storage/txcache/txListForSender.go:292.87,295.3 2 10724
github.com/ThotaGopichandThota/gn-storage/txcache/txListForSender.go:297.2,297.15 1 1551
github.com/ThotaGopichandThota/gn-storage/txcache/txListForSender.go:301.56,303.2 1 932632
github.com/ThotaGopichandThota/gn-storage/txcache/txListForSender.go:305.64,309.2 3 8199
github.com/ThotaGopichandThota/gn-storage/txcache/txListForSender.go:311.67,314.38 2 37
github.com/ThotaGopichandThota/gn-storage/txcache/txListForSender.go:314.38,316.3 1 1220
github.com/ThotaGopichandThota/gn-storage/txcache/txListForSender.go:318.2,318.14 1 37
github.com/ThotaGopichandThota/gn-storage/txcache/txListForSender.go:323.72,326.2 2 12
github.com/ThotaGopichandThota/gn-storage/txcache/txListForSender.go:329.79,332.19 2 1146
github.com/ThotaGopichandThota/gn-storage/txcache/txListForSender.go:332.19,335.44 2 17
github.com/ThotaGopichandThota/gn-storage/txcache/txListForSender.go:335.44,337.4 1 3
github.com/ThotaGopichandThota/gn-storage/txcache/txListForSender.go:338.8,340.3 1 1129
github.com/ThotaGopichandThota/gn-storage/txcache/txListForSender.go:342.2,342.22 1 1146
github.com/ThotaGopichandThota/gn-storage/txcache/txListForSender.go:347.60,349.24 2 1149
github.com/ThotaGopichandThota/gn-storage/txcache/txListForSender.go:349.24,351.3 1 1126
github.com/ThotaGopichandThota/gn-storage/txcache/txListForSender.go:353.2,354.20 2 23
github.com/ThotaGopichandThota/gn-storage/txcache/txListForSender.go:354.20,356.3 1 1
github.com/ThotaGopichandThota/gn-storage/txcache/txListForSender.go:358.2,361.15 4 22
github.com/ThotaGopichandThota/gn-storage/txcache/txListForSender.go:365.78,367.18 2 23
github.com/ThotaGopichandThota/gn-storage/txcache/txListForSender.go:367.18,369.3 1 1
github.com/ThotaGopichandThota/gn-storage/txcache/txListForSender.go:371.2,372.14 2 22
github.com/ThotaGopichandThota/gn-storage/txcache/txListForSender.go:376.62,379.2 2 17
github.com/ThotaGopichandThota/gn-storage/txcache/txListForSender.go:381.68,384.2 2 17
github.com/ThotaGopichandThota/gn-storage/txcache/txListForSender.go:386.69,388.2 1 16654
github.com/ThotaGopichandThota/gn-storage/txcache/txListForSender.go:390.74,392.2 1 464674
github.com/ThotaGopichandThota/gn-storage/txcache/txListForSender.go:395.55,397.2 1 94837
github.com/ThotaGopichandThota/gn-storage/txcache/txListForSender.go:400.70,405.2 3 499457
github.com/ThotaGopichandThota/gn-storage/txcache/txListForSender.go:408.80,412.2 3 30073
github.com/ThotaGopichandThota/gn-storage/txcache/wrappedTransaction.go:21.79,23.2 1 56037043
github.com/ThotaGopichandThota/gn-storage/txcache/wrappedTransaction.go:26.51,29.2 2 469023
github.com/ThotaGopichandThota/gn-storage/txcache/wrappedTransaction.go:32.106,49.2 10 462033
github.com/ThotaGopichandThota/gn-storage/txcache/wrappedTransaction.go:51.115,53.2 1 462037
github.com/ThotaGopichandThota/gn-storage/txcache/wrappedTransaction.go:59.10,62.25 2 462036
github.com/ThotaGopichandThota/gn-storage/txcache/wrappedTransaction.go:62.25,64.3 1 0
github.com/ThotaGopichandThota/gn-storage/txcache/wrappedTransaction.go:66.2,67.50 2 462036
github.com/ThotaGopichandThota/gn-storage/txcache/wrappedTransaction.go:67.50,69.3 1 462036
github.com/ThotaGopichandThota/gn-storage/txcache/wrappedTransaction.go:71.2,71.96 1 462036
github.com/ThotaGopichandThota/gn-storage/storageUnit/nilStorer.go:13.32,15.2 1 0
github.com/ThotaGopichandThota/gn-storage/storageUnit/nilStorer.go:18.71,20.2 1 0
github.com/ThotaGopichandThota/gn-storage/storageUnit/nilStorer.go:23.97,25.2 1 0
github.com/ThotaGopichandThota/gn-storage/storageUnit/nilStorer.go:28.60,30.2 1 0
github.com/ThotaGopichandThota/gn-storage/storageUnit/nilStorer.go:33.45,35.2 1 0
github.com/ThotaGopichandThota/gn-storage/storageUnit/nilStorer.go:38.62,40.2 1 0
github.com/ThotaGopichandThota/gn-storage/storageUnit/nilStorer.go:43.55,45.2 1 0
github.com/ThotaGopichandThota/gn-storage/storageUnit/nilStorer.go:48.36,50.2 1 0
github.com/ThotaGopichandThota/gn-storage/storageUnit/nilStorer.go:53.52,55.2 1 0
github.com/ThotaGopichandThota/gn-storage/storageUnit/nilStorer.go:58.42,60.2 1 0
github.com/ThotaGopichandThota/gn-storage/storageUnit/nilStorer.go:63.61,65.2 1 0
github.com/ThotaGopichandThota/gn-storage/storageUnit/nilStorer.go:68.45,70.2 1 0
github.com/ThotaGopichandThota/gn-storage/storageUnit/nilStorer.go:73.36,74.2 0 0
github.com/ThotaGopichandThota/gn-storage/storageUnit/nilStorer.go:77.42,79.2 1 0
github.com/ThotaGopichandThota/gn-storage/storageUnit/nilStorer.go:82.70,83.2 0 0
github.com/ThotaGopichandThota/gn-storage/storageUnit/nilStorer.go:86.44,88.2 1 0
github.com/ThotaGopichandThota/gn-storage/storageUnit/storageunit.go:96.44,98.16 2 0
github.com/ThotaGopichandThota/gn-storage/storageUnit/storageunit.go:98.16,100.3 1 0
github.com/ThotaGopichandThota/gn-storage/storageUnit/storageunit.go:102.2,102.22 1 0
github.com/ThotaGopichandThota/gn-storage/storageUnit/storageunit.go:123.44,130.16 5 11
github.com/ThotaGopichandThota/gn-storage/storageUnit/storageunit.go:130.16,133.3 2 0
github.com/ThotaGopichandThota/gn-storage/storageUnit/storageunit.go:135.2,135.12 1 11
github.com/ThotaGopichandThota/gn-storage/storageUnit/storageunit.go:139.61,141.2 1 0
github.com/ThotaGopichandThota/gn-storage/storageUnit/storageunit.go:144.49,146.2 1 0
github.com/ThotaGopichandThota/gn-storage/storageUnit/storageunit.go:149.30,153.16 3 0
github.com/ThotaGopichandThota/gn-storage/storageUnit/storageunit.go:153.16,156.3 2 0
github.com/ThotaGopichandThota/gn-storage/storageUnit/storageunit.go:158.2,158.12 1 0
github.com/ThotaGopichandThota/gn-storage/storageUnit/storageunit.go:162.71,164.2 1 0
github.com/ThotaGopichandThota/gn-storage/storageUnit/storageunit.go:169.48,176.9 5 4
github.com/ThotaGopichandThota/gn-storage/storageUnit/storageunit.go:176.9,181.17 2 2
github.com/ThotaGopichandThota/gn-storage/storageUnit/storageunit.go:181.17,183.4 1 1
github.com/ThotaGopichandThota/gn-storage/storageUnit/storageunit.go:185.3,186.19 2 1
github.com/ThotaGopichandThota/gn-storage/storageUnit/storageunit.go:186.19,188.4 1 0
github.com/ThotaGopichandThota/gn-storage/storageUnit/storageunit.go:191.3,191.34 1 1
github.com/ThotaGopichandThota/gn-storage/storageUnit/storageunit.go:194.2,194.24 1 3
github.com/ThotaGopichandThota/gn-storage/storageUnit/storageunit.go:198.67,200.2 1 0
github.com/ThotaGopichandThota/gn-storage/storageUnit/storageunit.go:203.94,205.27 2 0
github.com/ThotaGopichandThota/gn-storage/storageUnit/storageunit.go:205.27,207.17 2 0
github.com/ThotaGopichandThota/gn-storage/storageUnit/storageunit.go:207.17,212.12 2 0
github.com/ThotaGopichandThota/gn-storage/storageUnit/storageunit.go:214.3,215.38 2 0
github.com/ThotaGopichandThota/gn-storage/storageUnit/storageunit.go:217.2,217.21 1 0
github.com/ThotaGopichandThota/gn-storage/storageUnit/storageunit.go:222.38,227.9 4 10
github.com/ThotaGopichandThota/gn-storage/storageUnit/storageunit.go:227.9,229.3 1 4
github.com/ThotaGopichandThota/gn-storage/storageUnit/storageunit.go:231.2,231.29 1 6
github.com/ThotaGopichandThota/gn-storage/storageUnit/storageunit.go:235.56,237.2 1 0
github.com/ThotaGopichandThota/gn-storage/storageUnit/storageunit.go:240.57,242.2 1 0
github.com/ThotaGopichandThota/gn-storage/storageUnit/storageunit.go:245.41,253.2 5 3
github.com/ThotaGopichandThota/gn-storage/storageUnit/storageunit.go:256.29,258.2 1 5
github.com/ThotaGopichandThota/gn-storage/storageUnit/storageunit.go:261.36,267.2 4 3
github.com/ThotaGopichandThota/gn-storage/storageUnit/storageunit.go:270.38,272.2 1 0
github.com/ThotaGopichandThota/gn-storage/storageUnit/storageunit.go:276.71,277.20 1 19
github.com/ThotaGopichandThota/gn-storage/storageUnit/storageunit.go:277.20,279.3 1 1
github.com/ThotaGopichandThota/gn-storage/storageUnit/storageunit.go:280.2,280.20 1 18
github.com/ThotaGopichandThota/gn-storage/storageUnit/storageunit.go:280.20,282.3 1 1
github.com/ThotaGopichandThota/gn-storage/storageUnit/storageunit.go:284.2,289.19 2 17
github.com/ThotaGopichandThota/gn-storage/storageUnit/storageunit.go:293.84,301.51 4 5
github.com/ThotaGopichandThota/gn-storage/storageUnit/storageunit.go:301.51,303.3 1 1
github.com/ThotaGopichandThota/gn-storage/storageUnit/storageunit.go:305.2,306.16 2 4
github.com/ThotaGopichandThota/gn-storage/storageUnit/storageunit.go:306.16,308.3 1 1
github.com/ThotaGopichandThota/gn-storage/storageUnit/storageunit.go:310.2,318.16 3 3
github.com/ThotaGopichandThota/gn-storage/storageUnit/storageunit.go:318.16,320.3 1 1
github.com/ThotaGopichandThota/gn-storage/storageUnit/storageunit.go:322.2,322.34 1 2
github.com/ThotaGopichandThota/gn-storage/storageUnit/storageunit.go:326.57,337.19 8 6
github.com/ThotaGopichandThota/gn-storage/storageUnit/storageunit.go:338.16,339.23 1 4
github.com/ThotaGopichandThota/gn-storage/storageUnit/storageunit.go:339.23,341.4 1 0
github.com/ThotaGopichandThota/gn-storage/storageUnit/storageunit.go:343.3,343.49 1 4
github.com/ThotaGopichandThota/gn-storage/storageUnit/storageunit.go:344.20,345.43 1 0
github.com/ThotaGopichandThota/gn-storage/storageUnit/storageunit.go:345.43,351.4 1 0
github.com/ThotaGopichandThota/gn-storage/storageUnit/storageunit.go:353.3,353.84 1 0
github.com/ThotaGopichandThota/gn-storage/storageUnit/storageunit.go:354.24,356.17 2 0
github.com/ThotaGopichandThota/gn-storage/storageUnit/storageunit.go:356.17,358.4 1 0
github.com/ThotaGopichandThota/gn-storage/storageUnit/storageunit.go:360.10,361.46 1 2
github.com/ThotaGopichandThota/gn-storage/storageUnit/storageunit.go:364.2,364.16 1 4
github.com/ThotaGopichandThota/gn-storage/storageUnit/storageunit.go:364.16,366.3 1 0
github.com/ThotaGopichandThota/gn-storage/storageUnit/storageunit.go:368.2,368.20 1 4
github.com/ThotaGopichandThota/gn-storage/storageUnit/storageunit.go:381.50,385.44 3 6
github.com/ThotaGopichandThota/gn-storage/storageUnit/storageunit.go:385.44,386.23 1 15
github.com/ThotaGopichandThota/gn-storage/storageUnit/storageunit.go:387.14,388.104 1 13
github.com/ThotaGopichandThota/gn-storage/storageUnit/storageunit.go:389.20,390.110 1 0
github.com/ThotaGopichandThota/gn-storage/storageUnit/storageunit.go:391.17,392.23 1 0
github.com/ThotaGopichandThota/gn-storage/storageUnit/storageunit.go:393.11,394.44 1 2
github.com/ThotaGopichandThota/gn-storage/storageUnit/storageunit.go:397.3,397.17 1 13
github.com/ThotaGopichandThota/gn-storage/storageUnit/storageunit.go:397.17,399.4 1 3
github.com/ThotaGopichandThota/gn-storage/storageUnit/storageunit.go:402.3,402.46 1 10
github.com/ThotaGopichandThota/gn-storage/storageUnit/storageunit.go:404.2,404.16 1 1
github.com/ThotaGopichandThota/gn-storage/storageUnit/storageunit.go:404.16,406.3 1 1
github.com/ThotaGopichandThota/gn-storage/storageUnit/storageunit.go:408.2,408.16 1 0
github.com/ThotaGopichandThota/gn-storage/storageUnit/storageunit.go:412.57,413.11 1 0
github.com/ThotaGopichandThota/gn-storage/storageUnit/storageunit.go:414.14,415.33 1 0
github.com/ThotaGopichandThota/gn-storage/storageUnit/storageunit.go:416.15,417.35 1 0
github.com/ThotaGopichandThota/gn-storage/storageUnit/storageunit.go:418.11,419.27 1 0
github.com/ThotaGopichandThota/gn-storage/storageUnit/storageunit.go:420.10,421.45 1 0
